[2016-07-24 01:20:12.866] [TRACE] DESC_RT - Opening Database Connection
[2016-07-24 01:20:17.776] [TRACE] DESC_RT - ...
[2016-07-24 01:20:17.894] [TRACE] DESC_RT - ...
[2016-07-24 01:20:19.001] [TRACE] DESC_RT - ...
[2016-07-24 01:20:21.002] [TRACE] DESC_RT - ...
[2016-07-24 01:20:23.004] [TRACE] DESC_RT - ...
[2016-07-24 01:20:25.007] [TRACE] DESC_RT - ...
[2016-07-24 01:20:27.009] [TRACE] DESC_RT - ...
[2016-07-24 01:20:29.011] [TRACE] DESC_RT - ...
[2016-07-24 01:20:31.013] [TRACE] DESC_RT - ...
[2016-07-24 01:20:33.015] [TRACE] DESC_RT - ...
[2016-07-24 01:20:35.018] [TRACE] DESC_RT - ...
[2016-07-24 01:20:37.021] [TRACE] DESC_RT - ...
[2016-07-24 01:20:39.023] [TRACE] DESC_RT - ...
[2016-07-24 01:20:41.029] [TRACE] DESC_RT - ...
[2016-07-24 01:20:43.031] [TRACE] DESC_RT - ...
[2016-07-24 01:20:45.034] [TRACE] DESC_RT - ...
[2016-07-24 01:20:47.036] [TRACE] DESC_RT - ...
[2016-07-24 01:20:49.038] [TRACE] DESC_RT - ...
[2016-07-24 01:20:51.041] [TRACE] DESC_RT - ...
[2016-07-24 01:20:53.043] [TRACE] DESC_RT - ...
[2016-07-24 01:20:55.044] [TRACE] DESC_RT - ...
[2016-07-24 01:20:57.046] [TRACE] DESC_RT - ...
[2016-07-24 01:20:59.049] [TRACE] DESC_RT - ...
[2016-07-24 01:21:01.052] [TRACE] DESC_RT - ...
[2016-07-24 01:21:03.053] [TRACE] DESC_RT - ...
[2016-07-24 01:21:05.055] [TRACE] DESC_RT - ...
[2016-07-24 01:21:07.057] [TRACE] DESC_RT - ...
[2016-07-24 01:21:09.061] [TRACE] DESC_RT - ...
[2016-07-24 01:21:11.063] [TRACE] DESC_RT - ...
[2016-07-24 01:21:13.069] [TRACE] DESC_RT - ...
[2016-07-24 01:21:15.067] [TRACE] DESC_RT - ...
[2016-07-24 01:21:17.071] [TRACE] DESC_RT - ...
[2016-07-24 01:21:19.073] [TRACE] DESC_RT - ...
[2016-07-24 01:21:21.075] [TRACE] DESC_RT - ...
[2016-07-24 01:21:23.076] [TRACE] DESC_RT - ...
[2016-07-24 01:21:25.082] [TRACE] DESC_RT - ...
[2016-07-24 01:21:27.081] [TRACE] DESC_RT - ...
[2016-07-24 01:21:29.084] [TRACE] DESC_RT - ...
[2016-07-24 01:21:31.085] [TRACE] DESC_RT - ...
[2016-07-24 01:21:33.088] [TRACE] DESC_RT - ...
[2016-07-24 01:21:35.090] [TRACE] DESC_RT - ...
[2016-07-24 01:21:37.095] [TRACE] DESC_RT - ...
[2016-07-24 01:21:39.096] [TRACE] DESC_RT - ...
[2016-07-24 01:21:41.101] [TRACE] DESC_RT - ...
[2016-07-24 01:21:43.101] [TRACE] DESC_RT - ...
[2016-07-24 01:21:45.102] [TRACE] DESC_RT - ...
[2016-07-24 01:21:47.105] [TRACE] DESC_RT - ...
[2016-07-24 01:21:49.107] [TRACE] DESC_RT - ...
[2016-07-24 01:21:51.112] [TRACE] DESC_RT - ...
[2016-07-24 01:21:53.174] [TRACE] DESC_RT - ...
[2016-07-24 01:21:55.115] [TRACE] DESC_RT - ...
[2016-07-24 01:21:57.118] [TRACE] DESC_RT - ...
[2016-07-24 01:21:59.121] [TRACE] DESC_RT - ...
[2016-07-24 01:22:01.122] [TRACE] DESC_RT - ...
[2016-07-24 01:22:03.125] [TRACE] DESC_RT - ...
[2016-07-24 01:22:05.126] [TRACE] DESC_RT - ...
[2016-07-24 01:22:07.128] [TRACE] DESC_RT - ...
[2016-07-24 01:22:09.130] [TRACE] DESC_RT - ...
[2016-07-24 01:22:11.133] [TRACE] DESC_RT - ...
[2016-07-24 01:22:13.135] [TRACE] DESC_RT - ...
[2016-07-24 01:22:15.137] [TRACE] DESC_RT - ...
[2016-07-24 01:22:17.141] [TRACE] DESC_RT - ...
[2016-07-24 01:22:19.144] [TRACE] DESC_RT - ...
[2016-07-24 01:22:21.147] [TRACE] DESC_RT - ...
[2016-07-24 01:22:23.148] [TRACE] DESC_RT - ...
[2016-07-24 01:22:25.151] [TRACE] DESC_RT - ...
[2016-07-24 01:22:27.152] [TRACE] DESC_RT - ...
[2016-07-24 01:22:29.154] [TRACE] DESC_RT - ...
[2016-07-24 01:22:31.155] [TRACE] DESC_RT - ...
[2016-07-24 01:22:33.158] [TRACE] DESC_RT - ...
[2016-07-24 01:22:35.159] [TRACE] DESC_RT - ...
[2016-07-24 01:22:37.162] [TRACE] DESC_RT - ...
[2016-07-24 01:22:39.165] [TRACE] DESC_RT - ...
[2016-07-24 01:22:41.166] [TRACE] DESC_RT - ...
[2016-07-24 01:22:43.168] [TRACE] DESC_RT - ...
[2016-07-24 01:22:45.172] [TRACE] DESC_RT - ...
[2016-07-24 01:22:47.175] [TRACE] DESC_RT - ...
[2016-07-24 01:22:49.178] [TRACE] DESC_RT - ...
[2016-07-24 01:22:51.180] [TRACE] DESC_RT - ...
[2016-07-24 01:22:53.182] [TRACE] DESC_RT - ...
[2016-07-24 01:22:55.186] [TRACE] DESC_RT - ...
[2016-07-24 01:22:57.189] [TRACE] DESC_RT - ...
[2016-07-24 01:22:59.193] [TRACE] DESC_RT - ...
[2016-07-24 01:23:01.196] [TRACE] DESC_RT - ...
[2016-07-24 01:23:03.198] [TRACE] DESC_RT - ...
[2016-07-24 01:23:05.200] [TRACE] DESC_RT - ...
[2016-07-24 01:23:07.203] [TRACE] DESC_RT - ...
[2016-07-24 01:23:09.206] [TRACE] DESC_RT - ...
[2016-07-24 01:23:11.208] [TRACE] DESC_RT - ...
[2016-07-24 01:23:13.211] [TRACE] DESC_RT - ...
[2016-07-24 01:23:15.213] [TRACE] DESC_RT - ...
[2016-07-24 01:23:17.216] [TRACE] DESC_RT - ...
[2016-07-24 01:23:19.219] [TRACE] DESC_RT - ...
[2016-07-24 01:23:21.221] [TRACE] DESC_RT - ...
[2016-07-24 01:23:23.225] [TRACE] DESC_RT - ...
[2016-07-24 01:23:25.229] [TRACE] DESC_RT - ...
[2016-07-24 01:23:27.230] [TRACE] DESC_RT - ...
[2016-07-24 01:23:29.231] [TRACE] DESC_RT - ...
[2016-07-24 01:23:31.234] [TRACE] DESC_RT - ...
[2016-07-24 01:23:33.237] [TRACE] DESC_RT - ...
[2016-07-24 01:23:35.238] [TRACE] DESC_RT - ...
[2016-07-24 01:23:37.241] [TRACE] DESC_RT - ...
[2016-07-24 01:23:39.242] [TRACE] DESC_RT - ...
[2016-07-24 01:23:41.244] [TRACE] DESC_RT - ...
[2016-07-24 01:23:43.246] [TRACE] DESC_RT - ...
[2016-07-24 01:23:45.248] [TRACE] DESC_RT - ...
[2016-07-24 01:23:47.250] [TRACE] DESC_RT - ...
[2016-07-24 01:23:49.253] [TRACE] DESC_RT - ...
[2016-07-24 01:23:51.255] [TRACE] DESC_RT - ...
[2016-07-24 01:23:53.257] [TRACE] DESC_RT - ...
[2016-07-24 01:23:55.261] [TRACE] DESC_RT - ...
[2016-07-24 01:23:57.263] [TRACE] DESC_RT - ...
[2016-07-24 01:23:59.265] [TRACE] DESC_RT - ...
[2016-07-24 01:24:01.266] [TRACE] DESC_RT - ...
[2016-07-24 01:24:03.269] [TRACE] DESC_RT - ...
[2016-07-24 01:24:05.271] [TRACE] DESC_RT - ...
[2016-07-24 01:24:07.274] [TRACE] DESC_RT - ...
[2016-07-24 01:24:09.274] [TRACE] DESC_RT - ...
[2016-07-24 01:24:11.278] [TRACE] DESC_RT - ...
[2016-07-24 01:24:13.284] [TRACE] DESC_RT - ...
[2016-07-24 01:24:15.282] [TRACE] DESC_RT - ...
[2016-07-24 01:24:17.285] [TRACE] DESC_RT - ...
[2016-07-24 01:24:19.286] [TRACE] DESC_RT - ...
[2016-07-24 01:24:21.287] [TRACE] DESC_RT - ...
[2016-07-24 01:24:23.290] [TRACE] DESC_RT - ...
[2016-07-24 01:24:25.293] [TRACE] DESC_RT - ...
[2016-07-24 01:24:27.297] [TRACE] DESC_RT - ...
[2016-07-24 01:24:29.300] [TRACE] DESC_RT - ...
[2016-07-24 01:24:31.303] [TRACE] DESC_RT - ...
[2016-07-24 01:24:33.307] [TRACE] DESC_RT - ...
[2016-07-24 01:24:35.315] [TRACE] DESC_RT - ...
[2016-07-24 01:24:37.325] [TRACE] DESC_RT - ...
[2016-07-24 01:24:39.328] [TRACE] DESC_RT - ...
[2016-07-24 01:24:41.330] [TRACE] DESC_RT - ...
[2016-07-24 01:24:43.332] [TRACE] DESC_RT - ...
[2016-07-24 01:24:45.335] [TRACE] DESC_RT - ...
[2016-07-24 01:24:47.336] [TRACE] DESC_RT - ...
[2016-07-24 01:24:49.338] [TRACE] DESC_RT - ...
[2016-07-24 01:24:51.339] [TRACE] DESC_RT - ...
[2016-07-24 01:24:53.342] [TRACE] DESC_RT - ...
[2016-07-24 01:24:55.343] [TRACE] DESC_RT - ...
[2016-07-24 01:24:57.344] [TRACE] DESC_RT - ...
[2016-07-24 01:24:59.345] [TRACE] DESC_RT - ...
[2016-07-24 01:25:01.347] [TRACE] DESC_RT - ...
[2016-07-24 01:25:03.350] [TRACE] DESC_RT - ...
[2016-07-24 01:25:05.350] [TRACE] DESC_RT - ...
[2016-07-24 01:25:07.351] [TRACE] DESC_RT - ...
[2016-07-24 01:25:09.355] [TRACE] DESC_RT - ...
[2016-07-24 01:25:11.355] [TRACE] DESC_RT - ...
[2016-07-24 01:25:13.358] [TRACE] DESC_RT - ...
[2016-07-24 01:25:15.359] [TRACE] DESC_RT - ...
[2016-07-24 01:25:17.361] [TRACE] DESC_RT - ...
[2016-07-24 01:25:19.364] [TRACE] DESC_RT - ...
[2016-07-24 01:25:21.366] [TRACE] DESC_RT - ...
[2016-07-24 01:25:23.369] [TRACE] DESC_RT - ...
[2016-07-24 01:25:25.371] [TRACE] DESC_RT - ...
[2016-07-24 01:25:27.373] [TRACE] DESC_RT - ...
[2016-07-24 01:25:29.377] [TRACE] DESC_RT - ...
[2016-07-24 01:25:31.379] [TRACE] DESC_RT - ...
[2016-07-24 01:25:33.381] [TRACE] DESC_RT - ...
[2016-07-24 01:25:35.384] [TRACE] DESC_RT - ...
[2016-07-24 01:25:37.386] [TRACE] DESC_RT - ...
[2016-07-24 01:25:39.389] [TRACE] DESC_RT - ...
[2016-07-24 01:25:41.390] [TRACE] DESC_RT - ...
[2016-07-24 01:25:43.391] [TRACE] DESC_RT - ...
[2016-07-24 01:25:45.392] [TRACE] DESC_RT - ...
[2016-07-24 01:25:47.394] [TRACE] DESC_RT - ...
[2016-07-24 01:25:49.397] [TRACE] DESC_RT - ...
[2016-07-24 01:25:51.398] [TRACE] DESC_RT - ...
[2016-07-24 01:25:53.401] [TRACE] DESC_RT - ...
[2016-07-24 01:25:55.402] [TRACE] DESC_RT - ...
[2016-07-24 01:25:57.405] [TRACE] DESC_RT - ...
[2016-07-24 01:25:59.409] [TRACE] DESC_RT - ...
[2016-07-24 01:26:01.410] [TRACE] DESC_RT - ...
[2016-07-24 01:26:03.412] [TRACE] DESC_RT - ...
[2016-07-24 01:26:05.413] [TRACE] DESC_RT - ...
[2016-07-24 01:26:07.415] [TRACE] DESC_RT - ...
[2016-07-24 01:26:09.418] [TRACE] DESC_RT - ...
[2016-07-24 01:26:11.421] [TRACE] DESC_RT - ...
[2016-07-24 01:26:13.424] [TRACE] DESC_RT - ...
[2016-07-24 01:26:15.426] [TRACE] DESC_RT - ...
[2016-07-24 01:26:17.429] [TRACE] DESC_RT - ...
[2016-07-24 01:26:19.431] [TRACE] DESC_RT - ...
[2016-07-24 01:26:21.434] [TRACE] DESC_RT - ...
[2016-07-24 01:26:23.446] [TRACE] DESC_RT - ...
[2016-07-24 01:26:25.449] [TRACE] DESC_RT - ...
[2016-07-24 01:26:27.450] [TRACE] DESC_RT - ...
[2016-07-24 01:26:29.453] [TRACE] DESC_RT - ...
[2016-07-24 01:26:31.455] [TRACE] DESC_RT - ...
[2016-07-24 01:26:33.456] [TRACE] DESC_RT - ...
[2016-07-24 01:26:35.458] [TRACE] DESC_RT - ...
[2016-07-24 01:26:37.460] [TRACE] DESC_RT - ...
[2016-07-24 01:26:39.464] [TRACE] DESC_RT - ...
[2016-07-24 01:26:41.466] [TRACE] DESC_RT - ...
[2016-07-24 01:26:43.469] [TRACE] DESC_RT - ...
[2016-07-24 01:26:45.472] [TRACE] DESC_RT - ...
[2016-07-24 01:26:47.475] [TRACE] DESC_RT - ...
[2016-07-24 01:26:49.477] [TRACE] DESC_RT - ...
[2016-07-24 01:26:51.481] [TRACE] DESC_RT - ...
[2016-07-24 01:26:53.483] [TRACE] DESC_RT - ...
[2016-07-24 01:26:55.486] [TRACE] DESC_RT - ...
[2016-07-24 01:26:57.487] [TRACE] DESC_RT - ...
[2016-07-24 01:26:59.490] [TRACE] DESC_RT - ...
[2016-07-24 01:27:01.492] [TRACE] DESC_RT - ...
[2016-07-24 01:27:03.495] [TRACE] DESC_RT - ...
[2016-07-24 01:27:05.497] [TRACE] DESC_RT - ...
[2016-07-24 01:27:07.500] [TRACE] DESC_RT - ...
[2016-07-24 01:27:09.502] [TRACE] DESC_RT - ...
[2016-07-24 01:27:11.503] [TRACE] DESC_RT - ...
[2016-07-24 01:27:13.505] [TRACE] DESC_RT - ...
[2016-07-24 01:27:15.509] [TRACE] DESC_RT - ...
[2016-07-24 01:27:17.510] [TRACE] DESC_RT - ...
[2016-07-24 01:27:19.513] [TRACE] DESC_RT - ...
[2016-07-24 01:27:21.514] [TRACE] DESC_RT - ...
[2016-07-24 01:27:23.517] [TRACE] DESC_RT - ...
[2016-07-24 01:27:25.518] [TRACE] DESC_RT - ...
[2016-07-24 01:27:27.537] [TRACE] DESC_RT - ...
[2016-07-24 01:27:29.522] [TRACE] DESC_RT - ...
[2016-07-24 01:27:31.525] [TRACE] DESC_RT - ...
[2016-07-24 01:27:33.527] [TRACE] DESC_RT - ...
[2016-07-24 01:27:35.529] [TRACE] DESC_RT - ...
[2016-07-24 01:27:37.530] [TRACE] DESC_RT - ...
[2016-07-24 01:27:39.533] [TRACE] DESC_RT - ...
[2016-07-24 01:27:41.534] [TRACE] DESC_RT - ...
[2016-07-24 01:27:43.537] [TRACE] DESC_RT - ...
[2016-07-24 01:27:45.538] [TRACE] DESC_RT - ...
[2016-07-24 01:27:47.541] [TRACE] DESC_RT - ...
[2016-07-24 01:27:49.542] [TRACE] DESC_RT - ...
[2016-07-24 01:27:51.546] [TRACE] DESC_RT - ...
[2016-07-24 01:27:53.547] [TRACE] DESC_RT - ...
[2016-07-24 01:27:55.549] [TRACE] DESC_RT - ...
[2016-07-24 01:27:57.550] [TRACE] DESC_RT - ...
[2016-07-24 01:27:59.553] [TRACE] DESC_RT - ...
[2016-07-24 01:28:01.554] [TRACE] DESC_RT - ...
[2016-07-24 01:28:03.557] [TRACE] DESC_RT - ...
[2016-07-24 01:28:05.556] [TRACE] DESC_RT - ...
[2016-07-24 01:28:07.558] [TRACE] DESC_RT - ...
[2016-07-24 01:28:09.560] [TRACE] DESC_RT - ...
[2016-07-24 01:28:11.563] [TRACE] DESC_RT - ...
[2016-07-24 01:28:13.565] [TRACE] DESC_RT - ...
[2016-07-24 01:28:15.566] [TRACE] DESC_RT - ...
[2016-07-24 01:28:17.585] [TRACE] DESC_RT - ...
[2016-07-24 01:28:19.570] [TRACE] DESC_RT - ...
[2016-07-24 01:28:21.573] [TRACE] DESC_RT - ...
[2016-07-24 01:28:23.574] [TRACE] DESC_RT - ...
[2016-07-24 01:28:25.577] [TRACE] DESC_RT - ...
[2016-07-24 01:28:27.578] [TRACE] DESC_RT - ...
[2016-07-24 01:28:29.580] [TRACE] DESC_RT - ...
[2016-07-24 01:28:31.582] [TRACE] DESC_RT - ...
[2016-07-24 01:28:33.641] [TRACE] DESC_RT - ...
[2016-07-24 01:28:35.586] [TRACE] DESC_RT - ...
[2016-07-24 01:28:37.587] [TRACE] DESC_RT - ...
[2016-07-24 01:28:39.589] [TRACE] DESC_RT - ...
[2016-07-24 01:28:41.590] [TRACE] DESC_RT - ...
[2016-07-24 01:28:43.593] [TRACE] DESC_RT - ...
[2016-07-24 01:28:45.594] [TRACE] DESC_RT - ...
[2016-07-24 01:28:47.597] [TRACE] DESC_RT - ...
[2016-07-24 01:28:49.598] [TRACE] DESC_RT - ...
[2016-07-24 01:28:51.602] [TRACE] DESC_RT - Start Process
[2016-07-24 01:28:51.603] [TRACE] DESC_RT - Getting 1 Transactions
[2016-07-24 01:28:51.603] [TRACE] DESC_RT - Cluster ID: 1
[2016-07-24 01:28:51.604] [TRACE] DESC_RT - Reference ID: 3423432
[2016-07-24 01:28:51.604] [TRACE] DESC_RT - Mobile Number: 639178919829
[2016-07-24 01:28:51.604] [TRACE] DESC_RT - Message: Heello
[2016-07-24 01:28:51.604] [TRACE] DESC_RT - Sending transaction to https://post.chikka.com/smsapi/request
[2016-07-24 01:28:51.614] [TRACE] DESC_RT - End Process
[2016-07-24 01:28:53.196] [TRACE] DESC_RT - ERROR: 400:BAD REQUEST
[2016-07-24 01:28:53.196] [TRACE] DESC_RT - Manually Saving response
[2016-07-24 01:28:53.601] [TRACE] DESC_RT - ...
[2016-07-24 01:28:55.604] [TRACE] DESC_RT - ...
[2016-07-24 01:28:57.607] [TRACE] DESC_RT - ...
[2016-07-24 01:28:59.608] [TRACE] DESC_RT - ...
[2016-07-24 01:29:01.609] [TRACE] DESC_RT - ...
[2016-07-24 01:29:03.612] [TRACE] DESC_RT - ...
[2016-07-24 01:29:05.614] [TRACE] DESC_RT - ...
