[2016-07-23 20:14:50.047] [TRACE] DESC_RT - Opening Database Connection
[2016-07-23 20:14:52.338] [TRACE] DESC_RT - ...
[2016-07-23 20:14:54.340] [TRACE] DESC_RT - ...
[2016-07-23 20:14:56.344] [TRACE] DESC_RT - ...
[2016-07-23 20:14:58.344] [TRACE] DESC_RT - ...
[2016-07-23 20:15:00.347] [TRACE] DESC_RT - ...
[2016-07-23 20:15:02.350] [TRACE] DESC_RT - ...
[2016-07-23 20:15:04.353] [TRACE] DESC_RT - ...
[2016-07-23 20:15:06.357] [TRACE] DESC_RT - ...
[2016-07-23 20:15:08.365] [TRACE] DESC_RT - ...
[2016-07-23 20:15:10.361] [TRACE] DESC_RT - ...
[2016-07-23 20:15:12.364] [TRACE] DESC_RT - ...
[2016-07-23 20:15:14.365] [TRACE] DESC_RT - ...
[2016-07-23 20:15:16.367] [TRACE] DESC_RT - ...
[2016-07-23 20:15:18.369] [TRACE] DESC_RT - ...
[2016-07-23 20:15:20.372] [TRACE] DESC_RT - ...
[2016-07-23 20:15:22.373] [TRACE] DESC_RT - ...
[2016-07-23 20:15:24.375] [TRACE] DESC_RT - ...
[2016-07-23 20:15:26.378] [TRACE] DESC_RT - ...
[2016-07-23 20:15:28.379] [TRACE] DESC_RT - ...
[2016-07-23 20:15:30.381] [TRACE] DESC_RT - ...
[2016-07-23 20:15:32.385] [TRACE] DESC_RT - ...
[2016-07-23 20:15:34.390] [TRACE] DESC_RT - ...
[2016-07-23 20:15:36.393] [TRACE] DESC_RT - ...
[2016-07-23 20:15:38.394] [TRACE] DESC_RT - ...
[2016-07-23 20:15:40.395] [TRACE] DESC_RT - ...
[2016-07-23 20:15:42.397] [TRACE] DESC_RT - ...
[2016-07-23 20:15:44.401] [TRACE] DESC_RT - ...
[2016-07-23 20:15:46.404] [TRACE] DESC_RT - ...
[2016-07-23 20:15:48.405] [TRACE] DESC_RT - ...
[2016-07-23 20:15:50.409] [TRACE] DESC_RT - ...
[2016-07-23 20:15:52.410] [TRACE] DESC_RT - ...
[2016-07-23 20:15:54.410] [TRACE] DESC_RT - ...
[2016-07-23 20:15:56.416] [TRACE] DESC_RT - ...
[2016-07-23 20:15:58.417] [TRACE] DESC_RT - ...
[2016-07-23 20:16:00.422] [TRACE] DESC_RT - ...
[2016-07-23 20:16:02.421] [TRACE] DESC_RT - ...
[2016-07-23 20:16:04.425] [TRACE] DESC_RT - ...
[2016-07-23 20:16:06.426] [TRACE] DESC_RT - ...
[2016-07-23 20:16:08.429] [TRACE] DESC_RT - ...
[2016-07-23 20:16:10.431] [TRACE] DESC_RT - ...
[2016-07-23 20:16:12.433] [TRACE] DESC_RT - ...
[2016-07-23 20:16:14.437] [TRACE] DESC_RT - ...
[2016-07-23 20:16:16.441] [TRACE] DESC_RT - ...
[2016-07-23 20:16:18.446] [TRACE] DESC_RT - ...
[2016-07-23 20:16:20.447] [TRACE] DESC_RT - ...
[2016-07-23 20:16:22.449] [TRACE] DESC_RT - ...
[2016-07-23 20:16:24.451] [TRACE] DESC_RT - ...
[2016-07-23 20:16:26.453] [TRACE] DESC_RT - ...
[2016-07-23 20:16:28.455] [TRACE] DESC_RT - ...
[2016-07-23 20:16:30.458] [TRACE] DESC_RT - ...
[2016-07-23 20:16:32.460] [TRACE] DESC_RT - ...
[2016-07-23 20:16:34.463] [TRACE] DESC_RT - ...
[2016-07-23 20:16:36.464] [TRACE] DESC_RT - ...
[2016-07-23 20:16:38.467] [TRACE] DESC_RT - ...
[2016-07-23 20:16:40.468] [TRACE] DESC_RT - ...
[2016-07-23 20:16:42.471] [TRACE] DESC_RT - ...
[2016-07-23 20:16:44.472] [TRACE] DESC_RT - ...
[2016-07-23 20:16:46.479] [TRACE] DESC_RT - ...
[2016-07-23 20:16:48.483] [TRACE] DESC_RT - Start Process
[2016-07-23 20:16:48.483] [TRACE] DESC_RT - Getting 1 Transactions
[2016-07-23 20:16:48.484] [TRACE] DESC_RT - Cluster ID: 1
[2016-07-23 20:16:48.484] [TRACE] DESC_RT - Reference ID: DESC8E154291044110E3E1469305001
[2016-07-23 20:16:48.484] [TRACE] DESC_RT - Mobile Number: 639178919829
[2016-07-23 20:16:48.484] [TRACE] DESC_RT - Message: Thank you for texting your concern to MMDA. We will immedietly respond to you once we have reviewed your message. This message is free.
[2016-07-23 20:16:48.485] [TRACE] DESC_RT - Sending transaction to https://post.chikka.com/smsapi/request
[2016-07-23 20:16:48.497] [TRACE] DESC_RT - End Process
[2016-07-23 20:16:49.154] [TRACE] DESC_RT - SUCCESS: 200:ACCEPTED
[2016-07-23 20:16:50.486] [TRACE] DESC_RT - ...
[2016-07-23 20:16:52.490] [TRACE] DESC_RT - ...
[2016-07-23 20:16:54.492] [TRACE] DESC_RT - ...
[2016-07-23 20:16:56.495] [TRACE] DESC_RT - ...
[2016-07-23 20:16:58.497] [TRACE] DESC_RT - ...
[2016-07-23 20:17:00.502] [TRACE] DESC_RT - ...
[2016-07-23 20:17:02.509] [TRACE] DESC_RT - ...
[2016-07-23 20:17:04.513] [TRACE] DESC_RT - ...
[2016-07-23 20:17:06.514] [TRACE] DESC_RT - ...
[2016-07-23 20:17:08.517] [TRACE] DESC_RT - ...
[2016-07-23 20:17:10.519] [TRACE] DESC_RT - ...
[2016-07-23 20:17:12.523] [TRACE] DESC_RT - ...
[2016-07-23 20:17:14.524] [TRACE] DESC_RT - ...
[2016-07-23 20:17:16.526] [TRACE] DESC_RT - ...
[2016-07-23 20:17:18.529] [TRACE] DESC_RT - ...
[2016-07-23 20:17:20.531] [TRACE] DESC_RT - ...
[2016-07-23 20:17:22.533] [TRACE] DESC_RT - ...
[2016-07-23 20:17:24.534] [TRACE] DESC_RT - ...
[2016-07-23 20:17:26.537] [TRACE] DESC_RT - ...
[2016-07-23 20:17:28.541] [TRACE] DESC_RT - ...
[2016-07-23 20:17:30.543] [TRACE] DESC_RT - ...
[2016-07-23 20:17:32.546] [TRACE] DESC_RT - ...
[2016-07-23 20:17:34.546] [TRACE] DESC_RT - ...
[2016-07-23 20:17:36.548] [TRACE] DESC_RT - ...
[2016-07-23 20:17:38.551] [TRACE] DESC_RT - ...
[2016-07-23 20:17:40.551] [TRACE] DESC_RT - ...
[2016-07-23 20:17:42.553] [TRACE] DESC_RT - ...
[2016-07-23 20:17:44.567] [TRACE] DESC_RT - ...
[2016-07-23 20:17:46.558] [TRACE] DESC_RT - ...
[2016-07-23 20:17:48.559] [TRACE] DESC_RT - ...
[2016-07-23 20:17:50.561] [TRACE] DESC_RT - ...
[2016-07-23 20:17:52.563] [TRACE] DESC_RT - ...
[2016-07-23 20:17:54.566] [TRACE] DESC_RT - ...
[2016-07-23 20:17:56.567] [TRACE] DESC_RT - ...
[2016-07-23 20:17:58.570] [TRACE] DESC_RT - ...
[2016-07-23 20:18:00.573] [TRACE] DESC_RT - ...
[2016-07-23 20:18:02.577] [TRACE] DESC_RT - ...
[2016-07-23 20:18:04.578] [TRACE] DESC_RT - ...
[2016-07-23 20:18:06.581] [TRACE] DESC_RT - ...
[2016-07-23 20:18:08.584] [TRACE] DESC_RT - ...
[2016-07-23 20:18:10.586] [TRACE] DESC_RT - ...
[2016-07-23 20:18:12.589] [TRACE] DESC_RT - ...
[2016-07-23 20:18:14.593] [TRACE] DESC_RT - ...
[2016-07-23 20:18:16.595] [TRACE] DESC_RT - ...
[2016-07-23 20:18:18.597] [TRACE] DESC_RT - ...
[2016-07-23 20:18:21.241] [TRACE] DESC_RT - ...
[2016-07-23 20:18:22.842] [TRACE] DESC_RT - ...
[2016-07-23 20:18:24.601] [TRACE] DESC_RT - ...
[2016-07-23 20:18:26.603] [TRACE] DESC_RT - ...
[2016-07-23 20:18:28.820] [TRACE] DESC_RT - ...
[2016-07-23 20:18:30.607] [TRACE] DESC_RT - ...
[2016-07-23 20:18:32.609] [TRACE] DESC_RT - ...
[2016-07-23 20:18:34.610] [TRACE] DESC_RT - ...
[2016-07-23 20:18:36.612] [TRACE] DESC_RT - ...
[2016-07-23 20:18:38.614] [TRACE] DESC_RT - ...
[2016-07-23 20:18:40.617] [TRACE] DESC_RT - ...
[2016-07-23 20:18:42.620] [TRACE] DESC_RT - ...
[2016-07-23 20:18:44.621] [TRACE] DESC_RT - ...
[2016-07-23 20:18:46.624] [TRACE] DESC_RT - ...
[2016-07-23 20:18:48.627] [TRACE] DESC_RT - ...
[2016-07-23 20:18:50.631] [TRACE] DESC_RT - ...
[2016-07-23 20:18:52.634] [TRACE] DESC_RT - ...
[2016-07-23 20:18:54.635] [TRACE] DESC_RT - ...
[2016-07-23 20:18:56.638] [TRACE] DESC_RT - ...
[2016-07-23 20:18:58.639] [TRACE] DESC_RT - ...
[2016-07-23 20:19:00.642] [TRACE] DESC_RT - ...
[2016-07-23 20:19:02.644] [TRACE] DESC_RT - ...
[2016-07-23 20:19:04.644] [TRACE] DESC_RT - ...
[2016-07-23 20:19:06.655] [TRACE] DESC_RT - ...
[2016-07-23 20:19:08.666] [TRACE] DESC_RT - ...
[2016-07-23 20:19:10.675] [TRACE] DESC_RT - ...
[2016-07-23 20:19:12.679] [TRACE] DESC_RT - ...
[2016-07-23 20:19:14.689] [TRACE] DESC_RT - ...
[2016-07-23 20:19:16.685] [TRACE] DESC_RT - ...
[2016-07-23 20:34:56.899] [TRACE] DESC_RT - Opening Database Connection
[2016-07-23 20:34:59.183] [TRACE] DESC_RT - Start Process
[2016-07-23 20:34:59.184] [TRACE] DESC_RT - Getting 1 Transactions
[2016-07-23 20:34:59.185] [TRACE] DESC_RT - Cluster ID: 1
[2016-07-23 20:34:59.185] [TRACE] DESC_RT - Reference ID: DESCF14F7098DD22786DB1469306080
[2016-07-23 20:34:59.185] [TRACE] DESC_RT - Mobile Number: 639178919829
[2016-07-23 20:34:59.185] [TRACE] DESC_RT - Message: Thank you for texting your concern to MMDA. We will immedietly respond to you once we have reviewed your message. This message is free.
[2016-07-23 20:34:59.185] [TRACE] DESC_RT - Sending transaction to https://post.chikka.com/smsapi/request
[2016-07-23 20:34:59.198] [TRACE] DESC_RT - End Process
[2016-07-23 20:34:59.889] [TRACE] DESC_RT - SUCCESS: 200:ACCEPTED
[2016-07-23 20:35:01.182] [TRACE] DESC_RT - ...
[2016-07-23 20:35:03.184] [TRACE] DESC_RT - ...
[2016-07-23 20:35:05.187] [TRACE] DESC_RT - ...
[2016-07-23 20:35:07.189] [TRACE] DESC_RT - ...
[2016-07-23 20:35:09.192] [TRACE] DESC_RT - ...
[2016-07-23 20:35:11.194] [TRACE] DESC_RT - ...
[2016-07-23 20:35:13.197] [TRACE] DESC_RT - ...
[2016-07-23 20:35:15.198] [TRACE] DESC_RT - ...
[2016-07-23 20:35:17.200] [TRACE] DESC_RT - ...
[2016-07-23 20:35:19.203] [TRACE] DESC_RT - ...
[2016-07-23 20:35:21.207] [TRACE] DESC_RT - ...
[2016-07-23 20:35:23.211] [TRACE] DESC_RT - ...
[2016-07-23 20:35:25.213] [TRACE] DESC_RT - ...
[2016-07-23 20:35:27.215] [TRACE] DESC_RT - ...
[2016-07-23 20:35:29.218] [TRACE] DESC_RT - ...
[2016-07-23 20:35:31.342] [TRACE] DESC_RT - ...
[2016-07-23 20:35:33.221] [TRACE] DESC_RT - ...
[2016-07-23 20:35:35.225] [TRACE] DESC_RT - ...
[2016-07-23 20:35:37.226] [TRACE] DESC_RT - ...
[2016-07-23 20:35:39.228] [TRACE] DESC_RT - ...
[2016-07-23 20:35:41.230] [TRACE] DESC_RT - ...
[2016-07-23 20:35:43.232] [TRACE] DESC_RT - ...
[2016-07-23 20:35:45.234] [TRACE] DESC_RT - ...
[2016-07-23 20:35:47.236] [TRACE] DESC_RT - ...
[2016-07-23 20:35:49.238] [TRACE] DESC_RT - ...
[2016-07-23 20:35:51.240] [TRACE] DESC_RT - ...
[2016-07-23 20:35:53.241] [TRACE] DESC_RT - ...
[2016-07-23 20:35:55.245] [TRACE] DESC_RT - ...
[2016-07-23 20:35:57.246] [TRACE] DESC_RT - ...
[2016-07-23 20:35:59.250] [TRACE] DESC_RT - ...
[2016-07-23 20:36:01.252] [TRACE] DESC_RT - ...
[2016-07-23 20:36:03.255] [TRACE] DESC_RT - ...
[2016-07-23 20:36:05.254] [TRACE] DESC_RT - ...
[2016-07-23 20:36:07.258] [TRACE] DESC_RT - ...
[2016-07-23 20:36:09.262] [TRACE] DESC_RT - ...
[2016-07-23 20:36:11.269] [TRACE] DESC_RT - ...
[2016-07-23 20:36:13.274] [TRACE] DESC_RT - ...
[2016-07-23 20:36:15.278] [TRACE] DESC_RT - ...
[2016-07-23 20:36:17.303] [TRACE] DESC_RT - ...
[2016-07-23 20:36:19.308] [TRACE] DESC_RT - ...
[2016-07-23 20:36:21.312] [TRACE] DESC_RT - ...
[2016-07-23 20:36:23.316] [TRACE] DESC_RT - ...
[2016-07-23 20:36:25.320] [TRACE] DESC_RT - ...
[2016-07-23 20:36:27.321] [TRACE] DESC_RT - ...
[2016-07-23 20:36:29.324] [TRACE] DESC_RT - ...
[2016-07-23 20:36:31.327] [TRACE] DESC_RT - ...
[2016-07-23 20:36:33.426] [TRACE] DESC_RT - ...
[2016-07-23 20:36:35.333] [TRACE] DESC_RT - ...
[2016-07-23 20:36:37.337] [TRACE] DESC_RT - ...
[2016-07-23 20:36:39.338] [TRACE] DESC_RT - ...
[2016-07-23 20:36:41.342] [TRACE] DESC_RT - ...
[2016-07-23 20:36:43.344] [TRACE] DESC_RT - ...
[2016-07-23 20:36:45.346] [TRACE] DESC_RT - ...
[2016-07-23 20:36:47.347] [TRACE] DESC_RT - ...
[2016-07-23 20:36:49.349] [TRACE] DESC_RT - ...
[2016-07-23 20:36:51.350] [TRACE] DESC_RT - ...
[2016-07-23 20:36:53.352] [TRACE] DESC_RT - ...
[2016-07-23 20:36:55.356] [TRACE] DESC_RT - ...
[2016-07-23 20:36:57.360] [TRACE] DESC_RT - ...
[2016-07-23 20:36:59.363] [TRACE] DESC_RT - ...
[2016-07-23 20:37:01.366] [TRACE] DESC_RT - ...
[2016-07-23 20:37:03.368] [TRACE] DESC_RT - ...
[2016-07-23 20:37:05.370] [TRACE] DESC_RT - ...
[2016-07-23 20:37:07.372] [TRACE] DESC_RT - ...
[2016-07-23 20:37:09.374] [TRACE] DESC_RT - ...
[2016-07-23 20:37:11.376] [TRACE] DESC_RT - ...
[2016-07-23 20:37:13.378] [TRACE] DESC_RT - ...
[2016-07-23 20:37:15.381] [TRACE] DESC_RT - ...
[2016-07-23 20:37:17.384] [TRACE] DESC_RT - ...
[2016-07-23 20:37:19.387] [TRACE] DESC_RT - ...
[2016-07-23 20:37:21.390] [TRACE] DESC_RT - ...
[2016-07-23 20:37:23.393] [TRACE] DESC_RT - ...
[2016-07-23 20:37:25.394] [TRACE] DESC_RT - ...
[2016-07-23 20:37:27.399] [TRACE] DESC_RT - ...
[2016-07-23 20:37:29.402] [TRACE] DESC_RT - ...
[2016-07-23 20:37:31.404] [TRACE] DESC_RT - ...
[2016-07-23 20:37:33.406] [TRACE] DESC_RT - ...
[2016-07-23 20:37:35.408] [TRACE] DESC_RT - ...
[2016-07-23 20:37:37.410] [TRACE] DESC_RT - ...
[2016-07-23 20:37:39.412] [TRACE] DESC_RT - ...
[2016-07-23 20:37:41.413] [TRACE] DESC_RT - ...
[2016-07-23 20:37:43.417] [TRACE] DESC_RT - ...
[2016-07-23 20:37:45.418] [TRACE] DESC_RT - ...
[2016-07-23 20:37:47.420] [TRACE] DESC_RT - ...
[2016-07-23 20:37:49.422] [TRACE] DESC_RT - ...
[2016-07-23 20:37:51.425] [TRACE] DESC_RT - ...
[2016-07-23 20:37:53.429] [TRACE] DESC_RT - ...
[2016-07-23 20:37:55.433] [TRACE] DESC_RT - ...
[2016-07-23 20:37:57.435] [TRACE] DESC_RT - ...
[2016-07-23 20:37:59.437] [TRACE] DESC_RT - ...
[2016-07-23 20:38:01.445] [TRACE] DESC_RT - ...
[2016-07-23 20:38:03.444] [TRACE] DESC_RT - ...
[2016-07-23 20:38:05.447] [TRACE] DESC_RT - ...
[2016-07-23 20:38:07.450] [TRACE] DESC_RT - ...
[2016-07-23 20:38:09.452] [TRACE] DESC_RT - ...
[2016-07-23 20:38:11.456] [TRACE] DESC_RT - ...
[2016-07-23 20:38:13.458] [TRACE] DESC_RT - ...
[2016-07-23 20:38:15.461] [TRACE] DESC_RT - ...
[2016-07-23 20:38:17.462] [TRACE] DESC_RT - ...
[2016-07-23 20:38:19.464] [TRACE] DESC_RT - ...
[2016-07-23 20:38:21.466] [TRACE] DESC_RT - ...
[2016-07-23 20:38:23.468] [TRACE] DESC_RT - ...
[2016-07-23 20:38:25.472] [TRACE] DESC_RT - ...
[2016-07-23 20:38:27.475] [TRACE] DESC_RT - ...
[2016-07-23 20:38:29.474] [TRACE] DESC_RT - ...
[2016-07-23 20:38:31.475] [TRACE] DESC_RT - ...
[2016-07-23 20:38:33.477] [TRACE] DESC_RT - ...
[2016-07-23 20:38:35.478] [TRACE] DESC_RT - ...
[2016-07-23 20:38:37.481] [TRACE] DESC_RT - ...
[2016-07-23 20:38:39.482] [TRACE] DESC_RT - ...
[2016-07-23 20:38:41.484] [TRACE] DESC_RT - ...
[2016-07-23 20:38:43.486] [TRACE] DESC_RT - ...
[2016-07-23 20:38:45.488] [TRACE] DESC_RT - ...
[2016-07-23 20:38:47.490] [TRACE] DESC_RT - ...
[2016-07-23 20:38:49.492] [TRACE] DESC_RT - ...
[2016-07-23 20:38:51.494] [TRACE] DESC_RT - ...
[2016-07-23 20:38:53.495] [TRACE] DESC_RT - ...
[2016-07-23 20:38:55.498] [TRACE] DESC_RT - ...
[2016-07-23 20:38:57.500] [TRACE] DESC_RT - ...
[2016-07-23 20:38:59.502] [TRACE] DESC_RT - ...
[2016-07-23 20:39:01.504] [TRACE] DESC_RT - ...
[2016-07-23 20:39:03.510] [TRACE] DESC_RT - ...
[2016-07-23 20:39:05.510] [TRACE] DESC_RT - ...
[2016-07-23 20:39:07.515] [TRACE] DESC_RT - ...
[2016-07-23 20:39:09.517] [TRACE] DESC_RT - ...
[2016-07-23 20:39:11.522] [TRACE] DESC_RT - ...
[2016-07-23 20:39:13.529] [TRACE] DESC_RT - ...
[2016-07-23 20:39:15.538] [TRACE] DESC_RT - ...
[2016-07-23 20:39:17.547] [TRACE] DESC_RT - ...
[2016-07-23 20:39:19.554] [TRACE] DESC_RT - ...
[2016-07-23 20:39:21.563] [TRACE] DESC_RT - ...
[2016-07-23 20:39:23.558] [TRACE] DESC_RT - ...
[2016-07-23 20:39:25.559] [TRACE] DESC_RT - ...
[2016-07-23 20:39:27.561] [TRACE] DESC_RT - ...
[2016-07-23 20:39:29.569] [TRACE] DESC_RT - ...
[2016-07-23 20:39:31.570] [TRACE] DESC_RT - ...
[2016-07-23 20:39:33.572] [TRACE] DESC_RT - ...
[2016-07-23 20:39:35.574] [TRACE] DESC_RT - ...
[2016-07-23 20:39:37.576] [TRACE] DESC_RT - ...
[2016-07-23 20:39:39.579] [TRACE] DESC_RT - ...
[2016-07-23 20:39:41.581] [TRACE] DESC_RT - ...
[2016-07-23 20:39:43.584] [TRACE] DESC_RT - ...
[2016-07-23 20:39:45.586] [TRACE] DESC_RT - ...
[2016-07-23 20:39:47.587] [TRACE] DESC_RT - ...
[2016-07-23 20:39:49.590] [TRACE] DESC_RT - ...
[2016-07-23 20:39:51.592] [TRACE] DESC_RT - ...
[2016-07-23 20:39:53.594] [TRACE] DESC_RT - ...
[2016-07-23 20:39:55.596] [TRACE] DESC_RT - ...
[2016-07-23 20:39:57.600] [TRACE] DESC_RT - ...
[2016-07-23 20:39:59.602] [TRACE] DESC_RT - ...
[2016-07-23 20:40:01.604] [TRACE] DESC_RT - ...
[2016-07-23 20:40:03.606] [TRACE] DESC_RT - ...
[2016-07-23 20:40:05.608] [TRACE] DESC_RT - ...
[2016-07-23 20:40:07.610] [TRACE] DESC_RT - ...
[2016-07-23 20:40:09.612] [TRACE] DESC_RT - ...
[2016-07-23 20:40:11.614] [TRACE] DESC_RT - ...
[2016-07-23 20:40:13.615] [TRACE] DESC_RT - ...
[2016-07-23 20:40:15.617] [TRACE] DESC_RT - ...
[2016-07-23 20:40:17.621] [TRACE] DESC_RT - ...
[2016-07-23 20:40:19.622] [TRACE] DESC_RT - ...
[2016-07-23 20:40:21.623] [TRACE] DESC_RT - ...
[2016-07-23 20:40:23.626] [TRACE] DESC_RT - ...
[2016-07-23 20:40:25.628] [TRACE] DESC_RT - ...
[2016-07-23 20:40:27.630] [TRACE] DESC_RT - ...
[2016-07-23 20:40:29.631] [TRACE] DESC_RT - ...
[2016-07-23 20:40:31.637] [TRACE] DESC_RT - ...
[2016-07-23 20:40:33.638] [TRACE] DESC_RT - ...
[2016-07-23 20:40:35.638] [TRACE] DESC_RT - ...
[2016-07-23 20:40:37.640] [TRACE] DESC_RT - ...
[2016-07-23 20:40:39.642] [TRACE] DESC_RT - ...
[2016-07-23 20:40:41.644] [TRACE] DESC_RT - ...
[2016-07-23 20:40:43.646] [TRACE] DESC_RT - ...
[2016-07-23 20:40:45.648] [TRACE] DESC_RT - ...
[2016-07-23 20:40:47.649] [TRACE] DESC_RT - ...
[2016-07-23 20:40:49.652] [TRACE] DESC_RT - ...
[2016-07-23 20:40:51.656] [TRACE] DESC_RT - ...
[2016-07-23 20:40:53.658] [TRACE] DESC_RT - ...
[2016-07-23 20:40:55.662] [TRACE] DESC_RT - ...
[2016-07-23 20:40:57.664] [TRACE] DESC_RT - ...
[2016-07-23 20:40:59.665] [TRACE] DESC_RT - ...
[2016-07-23 20:41:01.669] [TRACE] DESC_RT - ...
[2016-07-23 20:41:03.673] [TRACE] DESC_RT - ...
[2016-07-23 20:41:05.677] [TRACE] DESC_RT - ...
[2016-07-23 20:41:07.678] [TRACE] DESC_RT - ...
[2016-07-23 20:41:09.680] [TRACE] DESC_RT - ...
[2016-07-23 20:41:11.684] [TRACE] DESC_RT - ...
[2016-07-23 20:41:13.685] [TRACE] DESC_RT - ...
[2016-07-23 20:41:15.689] [TRACE] DESC_RT - ...
[2016-07-23 20:41:17.689] [TRACE] DESC_RT - ...
[2016-07-23 20:41:19.692] [TRACE] DESC_RT - ...
[2016-07-23 20:41:21.697] [TRACE] DESC_RT - ...
[2016-07-23 20:41:23.698] [TRACE] DESC_RT - ...
[2016-07-23 20:41:25.699] [TRACE] DESC_RT - ...
[2016-07-23 20:41:27.699] [TRACE] DESC_RT - ...
[2016-07-23 20:41:29.702] [TRACE] DESC_RT - ...
[2016-07-23 20:41:31.705] [TRACE] DESC_RT - ...
[2016-07-23 20:41:33.709] [TRACE] DESC_RT - ...
[2016-07-23 20:41:35.710] [TRACE] DESC_RT - ...
[2016-07-23 20:41:37.712] [TRACE] DESC_RT - ...
[2016-07-23 20:41:39.716] [TRACE] DESC_RT - ...
[2016-07-23 20:41:41.718] [TRACE] DESC_RT - ...
[2016-07-23 20:41:43.721] [TRACE] DESC_RT - ...
[2016-07-23 20:41:45.723] [TRACE] DESC_RT - ...
[2016-07-23 20:41:47.726] [TRACE] DESC_RT - ...
[2016-07-23 20:41:49.729] [TRACE] DESC_RT - ...
[2016-07-23 20:41:51.733] [TRACE] DESC_RT - ...
[2016-07-23 20:41:53.736] [TRACE] DESC_RT - ...
[2016-07-23 20:41:55.736] [TRACE] DESC_RT - ...
[2016-07-23 20:41:57.738] [TRACE] DESC_RT - ...
[2016-07-23 20:41:59.739] [TRACE] DESC_RT - ...
[2016-07-23 20:42:01.742] [TRACE] DESC_RT - ...
[2016-07-23 20:42:03.744] [TRACE] DESC_RT - ...
[2016-07-23 20:42:05.746] [TRACE] DESC_RT - ...
[2016-07-23 20:42:07.750] [TRACE] DESC_RT - ...
[2016-07-23 20:42:09.753] [TRACE] DESC_RT - ...
[2016-07-23 20:42:11.756] [TRACE] DESC_RT - ...
[2016-07-23 20:42:13.760] [TRACE] DESC_RT - ...
[2016-07-23 20:42:15.762] [TRACE] DESC_RT - ...
[2016-07-23 20:42:17.765] [TRACE] DESC_RT - ...
[2016-07-23 20:42:19.766] [TRACE] DESC_RT - ...
[2016-07-23 20:42:21.768] [TRACE] DESC_RT - ...
[2016-07-23 20:42:23.771] [TRACE] DESC_RT - ...
[2016-07-23 20:42:25.774] [TRACE] DESC_RT - ...
[2016-07-23 20:42:27.776] [TRACE] DESC_RT - ...
[2016-07-23 20:42:29.777] [TRACE] DESC_RT - ...
[2016-07-23 20:42:31.780] [TRACE] DESC_RT - ...
[2016-07-23 20:42:33.784] [TRACE] DESC_RT - Start Process
[2016-07-23 20:42:33.785] [TRACE] DESC_RT - Getting 1 Transactions
[2016-07-23 20:42:33.785] [TRACE] DESC_RT - Cluster ID: 1
[2016-07-23 20:42:33.785] [TRACE] DESC_RT - Reference ID: DESCC31AF68C4F658319F1469306548
[2016-07-23 20:42:33.785] [TRACE] DESC_RT - Mobile Number: 639178919829
[2016-07-23 20:42:33.785] [TRACE] DESC_RT - Message: Thank you for texting your concern to MMDA. We will immedietly respond to you once we have reviewed your message. This message is free.
[2016-07-23 20:42:33.786] [TRACE] DESC_RT - Sending transaction to https://post.chikka.com/smsapi/request
[2016-07-23 20:42:33.789] [TRACE] DESC_RT - End Process
[2016-07-23 20:42:34.420] [TRACE] DESC_RT - SUCCESS: 200:ACCEPTED
[2016-07-23 20:42:35.786] [TRACE] DESC_RT - ...
[2016-07-23 20:42:37.789] [TRACE] DESC_RT - ...
[2016-07-23 20:42:39.792] [TRACE] DESC_RT - ...
[2016-07-23 20:42:41.795] [TRACE] DESC_RT - ...
[2016-07-23 20:42:43.800] [TRACE] DESC_RT - ...
[2016-07-23 20:42:45.802] [TRACE] DESC_RT - ...
[2016-07-23 20:42:47.804] [TRACE] DESC_RT - ...
[2016-07-23 20:42:49.806] [TRACE] DESC_RT - ...
[2016-07-23 20:42:51.810] [TRACE] DESC_RT - ...
[2016-07-23 20:42:53.810] [TRACE] DESC_RT - ...
[2016-07-23 20:42:55.812] [TRACE] DESC_RT - ...
[2016-07-23 20:42:57.816] [TRACE] DESC_RT - ...
[2016-07-23 20:42:59.817] [TRACE] DESC_RT - ...
[2016-07-23 20:43:01.820] [TRACE] DESC_RT - ...
[2016-07-23 20:43:03.824] [TRACE] DESC_RT - ...
[2016-07-23 20:43:05.825] [TRACE] DESC_RT - ...
[2016-07-23 20:43:07.826] [TRACE] DESC_RT - ...
[2016-07-23 20:43:09.828] [TRACE] DESC_RT - ...
[2016-07-23 20:43:11.832] [TRACE] DESC_RT - ...
[2016-07-23 20:43:13.834] [TRACE] DESC_RT - ...
[2016-07-23 20:43:15.836] [TRACE] DESC_RT - ...
[2016-07-23 20:43:17.850] [TRACE] DESC_RT - ...
[2016-07-23 20:43:19.842] [TRACE] DESC_RT - ...
[2016-07-23 20:43:21.844] [TRACE] DESC_RT - ...
[2016-07-23 20:43:23.845] [TRACE] DESC_RT - ...
[2016-07-23 20:43:25.848] [TRACE] DESC_RT - ...
[2016-07-23 20:43:27.851] [TRACE] DESC_RT - ...
[2016-07-23 20:43:29.853] [TRACE] DESC_RT - ...
[2016-07-23 20:43:31.854] [TRACE] DESC_RT - ...
[2016-07-23 20:43:33.855] [TRACE] DESC_RT - ...
[2016-07-23 20:43:35.858] [TRACE] DESC_RT - ...
[2016-07-23 20:43:37.860] [TRACE] DESC_RT - ...
[2016-07-23 20:43:39.864] [TRACE] DESC_RT - ...
[2016-07-23 20:43:41.866] [TRACE] DESC_RT - ...
[2016-07-23 20:43:43.869] [TRACE] DESC_RT - ...
[2016-07-23 20:43:45.872] [TRACE] DESC_RT - ...
[2016-07-23 20:43:47.876] [TRACE] DESC_RT - ...
[2016-07-23 20:43:49.878] [TRACE] DESC_RT - ...
[2016-07-23 20:43:51.880] [TRACE] DESC_RT - ...
[2016-07-23 20:43:53.882] [TRACE] DESC_RT - ...
[2016-07-23 20:43:55.883] [TRACE] DESC_RT - ...
[2016-07-23 20:43:57.885] [TRACE] DESC_RT - ...
[2016-07-23 20:43:59.888] [TRACE] DESC_RT - ...
[2016-07-23 20:44:01.890] [TRACE] DESC_RT - ...
[2016-07-23 20:44:03.892] [TRACE] DESC_RT - ...
[2016-07-23 20:44:05.892] [TRACE] DESC_RT - ...
[2016-07-23 20:44:07.894] [TRACE] DESC_RT - ...
[2016-07-23 20:44:09.896] [TRACE] DESC_RT - ...
[2016-07-23 20:44:11.900] [TRACE] DESC_RT - ...
[2016-07-23 20:44:13.902] [TRACE] DESC_RT - ...
[2016-07-23 20:44:15.906] [TRACE] DESC_RT - ...
[2016-07-23 20:44:17.907] [TRACE] DESC_RT - ...
[2016-07-23 20:44:19.908] [TRACE] DESC_RT - ...
[2016-07-23 20:44:21.912] [TRACE] DESC_RT - ...
[2016-07-23 20:44:23.913] [TRACE] DESC_RT - ...
[2016-07-23 20:44:25.917] [TRACE] DESC_RT - ...
[2016-07-23 20:44:27.920] [TRACE] DESC_RT - ...
[2016-07-23 20:44:29.924] [TRACE] DESC_RT - ...
[2016-07-23 20:44:31.926] [TRACE] DESC_RT - ...
[2016-07-23 20:44:33.928] [TRACE] DESC_RT - ...
[2016-07-23 20:44:35.933] [TRACE] DESC_RT - ...
[2016-07-23 20:44:37.935] [TRACE] DESC_RT - ...
[2016-07-23 20:44:39.939] [TRACE] DESC_RT - ...
[2016-07-23 20:44:41.944] [TRACE] DESC_RT - ...
[2016-07-23 20:44:43.944] [TRACE] DESC_RT - ...
[2016-07-23 20:44:45.946] [TRACE] DESC_RT - ...
[2016-07-23 20:44:47.947] [TRACE] DESC_RT - ...
[2016-07-23 20:44:49.950] [TRACE] DESC_RT - ...
[2016-07-23 20:44:51.952] [TRACE] DESC_RT - ...
[2016-07-23 20:44:53.955] [TRACE] DESC_RT - ...
[2016-07-23 20:44:55.956] [TRACE] DESC_RT - ...
[2016-07-23 20:44:57.958] [TRACE] DESC_RT - ...
[2016-07-23 20:44:59.960] [TRACE] DESC_RT - ...
[2016-07-23 20:45:01.963] [TRACE] DESC_RT - ...
[2016-07-23 20:45:03.966] [TRACE] DESC_RT - ...
[2016-07-23 20:45:05.971] [TRACE] DESC_RT - ...
[2016-07-23 20:45:07.972] [TRACE] DESC_RT - ...
[2016-07-23 20:45:09.975] [TRACE] DESC_RT - ...
[2016-07-23 20:45:11.976] [TRACE] DESC_RT - ...
[2016-07-23 20:45:14.109] [TRACE] DESC_RT - ...
[2016-07-23 20:45:15.979] [TRACE] DESC_RT - ...
[2016-07-23 20:45:17.982] [TRACE] DESC_RT - ...
[2016-07-23 20:45:19.983] [TRACE] DESC_RT - ...
[2016-07-23 20:45:21.986] [TRACE] DESC_RT - ...
[2016-07-23 20:45:23.988] [TRACE] DESC_RT - ...
[2016-07-23 20:45:25.990] [TRACE] DESC_RT - ...
[2016-07-23 20:45:27.994] [TRACE] DESC_RT - ...
[2016-07-23 20:45:29.996] [TRACE] DESC_RT - ...
[2016-07-23 20:45:31.998] [TRACE] DESC_RT - ...
[2016-07-23 20:45:33.999] [TRACE] DESC_RT - ...
[2016-07-23 20:45:36.001] [TRACE] DESC_RT - ...
[2016-07-23 20:45:38.002] [TRACE] DESC_RT - ...
[2016-07-23 20:45:40.004] [TRACE] DESC_RT - ...
[2016-07-23 20:45:42.006] [TRACE] DESC_RT - ...
[2016-07-23 20:45:44.007] [TRACE] DESC_RT - ...
[2016-07-23 20:45:46.010] [TRACE] DESC_RT - ...
[2016-07-23 20:45:48.012] [TRACE] DESC_RT - ...
[2016-07-23 21:13:47.112] [TRACE] DESC_RT - Opening Database Connection
[2016-07-23 21:13:50.438] [TRACE] DESC_RT - ...
[2016-07-23 21:13:51.396] [TRACE] DESC_RT - ...
[2016-07-23 21:13:53.400] [TRACE] DESC_RT - ...
[2016-07-23 21:13:55.401] [TRACE] DESC_RT - ...
[2016-07-23 21:13:57.402] [TRACE] DESC_RT - ...
[2016-07-23 21:13:59.404] [TRACE] DESC_RT - ...
[2016-07-23 21:14:01.407] [TRACE] DESC_RT - ...
[2016-07-23 21:14:03.410] [TRACE] DESC_RT - ...
[2016-07-23 21:14:05.414] [TRACE] DESC_RT - ...
[2016-07-23 21:14:07.415] [TRACE] DESC_RT - ...
[2016-07-23 21:14:09.418] [TRACE] DESC_RT - ...
[2016-07-23 21:14:11.420] [TRACE] DESC_RT - ...
[2016-07-23 21:14:13.420] [TRACE] DESC_RT - ...
[2016-07-23 21:14:15.423] [TRACE] DESC_RT - Start Process
[2016-07-23 21:14:15.424] [TRACE] DESC_RT - Getting 1 Transactions
[2016-07-23 21:14:15.424] [TRACE] DESC_RT - Cluster ID: 1
[2016-07-23 21:14:15.425] [TRACE] DESC_RT - Reference ID: DESCE6860D91EBB81B05E1469308447
[2016-07-23 21:14:15.426] [TRACE] DESC_RT - Mobile Number: 639178919829
[2016-07-23 21:14:15.426] [TRACE] DESC_RT - Message: This is a help message
[2016-07-23 21:14:15.426] [TRACE] DESC_RT - Sending transaction to https://post.chikka.com/smsapi/request
[2016-07-23 21:14:15.442] [TRACE] DESC_RT - End Process
[2016-07-23 21:14:16.153] [TRACE] DESC_RT - SUCCESS: 200:ACCEPTED
[2016-07-23 21:14:17.424] [TRACE] DESC_RT - ...
[2016-07-23 21:14:19.429] [TRACE] DESC_RT - ...
[2016-07-23 21:14:21.427] [TRACE] DESC_RT - ...
[2016-07-23 21:14:23.430] [TRACE] DESC_RT - ...
[2016-07-23 21:14:25.431] [TRACE] DESC_RT - ...
[2016-07-23 21:14:27.433] [TRACE] DESC_RT - ...
[2016-07-23 21:14:29.435] [TRACE] DESC_RT - ...
[2016-07-23 21:14:31.437] [TRACE] DESC_RT - ...
[2016-07-23 21:14:33.439] [TRACE] DESC_RT - ...
[2016-07-23 21:14:35.442] [TRACE] DESC_RT - ...
[2016-07-23 21:14:37.441] [TRACE] DESC_RT - ...
[2016-07-23 21:14:39.446] [TRACE] DESC_RT - ...
[2016-07-23 21:14:41.445] [TRACE] DESC_RT - ...
[2016-07-23 21:14:43.447] [TRACE] DESC_RT - ...
[2016-07-23 21:14:45.450] [TRACE] DESC_RT - ...
[2016-07-23 21:14:47.455] [TRACE] DESC_RT - ...
[2016-07-23 21:14:49.453] [TRACE] DESC_RT - ...
[2016-07-23 21:14:51.458] [TRACE] DESC_RT - ...
[2016-07-23 21:14:53.460] [TRACE] DESC_RT - ...
[2016-07-23 21:14:55.462] [TRACE] DESC_RT - ...
[2016-07-23 21:14:57.466] [TRACE] DESC_RT - ...
[2016-07-23 21:14:59.465] [TRACE] DESC_RT - ...
[2016-07-23 21:15:01.469] [TRACE] DESC_RT - ...
[2016-07-23 21:15:03.473] [TRACE] DESC_RT - ...
[2016-07-23 21:15:05.479] [TRACE] DESC_RT - ...
[2016-07-23 21:15:07.483] [TRACE] DESC_RT - ...
[2016-07-23 21:15:09.486] [TRACE] DESC_RT - ...
[2016-07-23 21:15:11.487] [TRACE] DESC_RT - ...
[2016-07-23 21:15:13.489] [TRACE] DESC_RT - ...
[2016-07-23 21:15:15.491] [TRACE] DESC_RT - ...
[2016-07-23 21:15:17.494] [TRACE] DESC_RT - ...
[2016-07-23 21:15:19.499] [TRACE] DESC_RT - ...
[2016-07-23 21:15:21.502] [TRACE] DESC_RT - ...
[2016-07-23 21:15:23.509] [TRACE] DESC_RT - ...
[2016-07-23 21:15:25.507] [TRACE] DESC_RT - ...
[2016-07-23 21:15:27.511] [TRACE] DESC_RT - ...
[2016-07-23 21:15:29.516] [TRACE] DESC_RT - ...
[2016-07-23 21:15:31.518] [TRACE] DESC_RT - ...
[2016-07-23 21:15:33.522] [TRACE] DESC_RT - ...
[2016-07-23 21:15:35.526] [TRACE] DESC_RT - ...
[2016-07-23 21:15:37.527] [TRACE] DESC_RT - ...
[2016-07-23 21:15:39.528] [TRACE] DESC_RT - ...
[2016-07-23 21:15:41.535] [TRACE] DESC_RT - ...
[2016-07-23 21:15:43.536] [TRACE] DESC_RT - ...
[2016-07-23 21:15:45.538] [TRACE] DESC_RT - ...
[2016-07-23 21:15:47.539] [TRACE] DESC_RT - ...
[2016-07-23 21:15:49.541] [TRACE] DESC_RT - ...
[2016-07-23 21:15:51.544] [TRACE] DESC_RT - ...
[2016-07-23 21:15:53.544] [TRACE] DESC_RT - ...
[2016-07-23 21:15:55.547] [TRACE] DESC_RT - ...
[2016-07-23 21:15:57.550] [TRACE] DESC_RT - Start Process
[2016-07-23 21:15:57.550] [TRACE] DESC_RT - Getting 1 Transactions
[2016-07-23 21:15:57.551] [TRACE] DESC_RT - Cluster ID: 1
[2016-07-23 21:15:57.551] [TRACE] DESC_RT - Reference ID: DESCEE5115442F95B1BE41469308548
[2016-07-23 21:15:57.551] [TRACE] DESC_RT - Mobile Number: 639178919829
[2016-07-23 21:15:57.551] [TRACE] DESC_RT - Message: This is a help message
[2016-07-23 21:15:57.552] [TRACE] DESC_RT - Sending transaction to https://post.chikka.com/smsapi/request
[2016-07-23 21:15:57.556] [TRACE] DESC_RT - End Process
[2016-07-23 21:15:58.028] [TRACE] DESC_RT - SUCCESS: 200:ACCEPTED
[2016-07-23 21:15:59.556] [TRACE] DESC_RT - ...
[2016-07-23 21:16:01.558] [TRACE] DESC_RT - ...
[2016-07-23 21:16:03.560] [TRACE] DESC_RT - ...
[2016-07-23 21:16:05.562] [TRACE] DESC_RT - ...
[2016-07-23 21:16:07.563] [TRACE] DESC_RT - ...
[2016-07-23 21:16:09.567] [TRACE] DESC_RT - ...
[2016-07-23 21:16:11.569] [TRACE] DESC_RT - ...
[2016-07-23 21:16:13.571] [TRACE] DESC_RT - ...
[2016-07-23 21:16:15.573] [TRACE] DESC_RT - ...
[2016-07-23 21:16:17.575] [TRACE] DESC_RT - ...
[2016-07-23 21:16:19.578] [TRACE] DESC_RT - ...
[2016-07-23 21:16:21.579] [TRACE] DESC_RT - ...
[2016-07-23 21:16:23.583] [TRACE] DESC_RT - ...
[2016-07-23 21:16:25.587] [TRACE] DESC_RT - ...
[2016-07-23 21:16:27.596] [TRACE] DESC_RT - ...
[2016-07-23 21:16:29.599] [TRACE] DESC_RT - ...
[2016-07-23 21:16:31.601] [TRACE] DESC_RT - ...
[2016-07-23 21:16:33.605] [TRACE] DESC_RT - ...
[2016-07-23 21:16:35.608] [TRACE] DESC_RT - ...
[2016-07-23 21:16:37.610] [TRACE] DESC_RT - ...
