[2016-07-23 19:21:17.139] [TRACE] DESC - Opening Database Connection
[2016-07-23 19:21:18.234] [TRACE] DESC - Getting 1 Transactions
[2016-07-23 19:21:18.234] [TRACE] DESC - Cluster ID: 1
[2016-07-23 19:21:18.235] [TRACE] DESC - Reference ID: DESCADF88D9DFAAC1901C1469298655
[2016-07-23 19:21:18.235] [TRACE] DESC - Mobile Number: 639178919829
[2016-07-23 19:21:18.235] [TRACE] DESC - Message: Thank you for texting your concern to MMDA. We will immedietly respond to you once we have reviewed your message. This message is free.
[2016-07-23 19:21:18.235] [TRACE] DESC - Sending transaction to https://post.chikka.com/smsapi/request
[2016-07-23 19:21:18.248] [TRACE] DESC - Closing Database Connection
[2016-07-23 19:21:18.514] [TRACE] DESC - Getting 1 Transactions
[2016-07-23 19:21:18.516] [TRACE] DESC - Cluster ID: 1
[2016-07-23 19:21:18.517] [TRACE] DESC - Reference ID: DESCADF88D9DFAAC1901C1469298655
[2016-07-23 19:21:18.517] [TRACE] DESC - Mobile Number: 639178919829
[2016-07-23 19:21:18.517] [TRACE] DESC - Message: Thank you for texting your concern to MMDA. We will immedietly respond to you once we have reviewed your message. This message is free.
[2016-07-23 19:21:18.518] [TRACE] DESC - Sending transaction to https://post.chikka.com/smsapi/request
[2016-07-23 19:21:18.520] [TRACE] DESC - Closing Database Connection
[2016-07-23 19:21:18.786] [TRACE] DESC - Getting 1 Transactions
[2016-07-23 19:21:18.787] [TRACE] DESC - Cluster ID: 1
[2016-07-23 19:21:18.787] [TRACE] DESC - Reference ID: DESCADF88D9DFAAC1901C1469298655
[2016-07-23 19:21:18.787] [TRACE] DESC - Mobile Number: 639178919829
[2016-07-23 19:21:18.788] [TRACE] DESC - Message: Thank you for texting your concern to MMDA. We will immedietly respond to you once we have reviewed your message. This message is free.
[2016-07-23 19:21:18.788] [TRACE] DESC - Sending transaction to https://post.chikka.com/smsapi/request
[2016-07-23 19:21:18.792] [TRACE] DESC - Closing Database Connection
[2016-07-23 19:21:18.941] [TRACE] DESC - ERROR: 400:BAD REQUEST
[2016-07-23 19:21:18.941] [TRACE] DESC - Manually Saving response
[2016-07-23 19:21:18.942] [TRACE] DESC - SUCCESS: 400:BAD REQUEST
[2016-07-23 19:21:19.058] [TRACE] DESC - Getting 1 Transactions
[2016-07-23 19:21:19.058] [TRACE] DESC - Cluster ID: 1
[2016-07-23 19:21:19.059] [TRACE] DESC - Reference ID: DESCADF88D9DFAAC1901C1469298655
[2016-07-23 19:21:19.060] [TRACE] DESC - Mobile Number: 639178919829
[2016-07-23 19:21:19.060] [TRACE] DESC - Message: Thank you for texting your concern to MMDA. We will immedietly respond to you once we have reviewed your message. This message is free.
[2016-07-23 19:21:19.061] [TRACE] DESC - Sending transaction to https://post.chikka.com/smsapi/request
[2016-07-23 19:21:19.063] [TRACE] DESC - Closing Database Connection
[2016-07-23 19:21:19.131] [TRACE] DESC - ERROR: 400:BAD REQUEST
[2016-07-23 19:21:19.132] [TRACE] DESC - Manually Saving response
[2016-07-23 19:21:19.133] [TRACE] DESC - SUCCESS: 400:BAD REQUEST
[2016-07-23 19:21:19.244] [TRACE] DESC - ERROR: 400:BAD REQUEST
[2016-07-23 19:21:19.244] [TRACE] DESC - Manually Saving response
[2016-07-23 19:21:19.245] [TRACE] DESC - SUCCESS: 400:BAD REQUEST
[2016-07-23 19:21:19.329] [TRACE] DESC - Getting 1 Transactions
[2016-07-23 19:21:19.330] [TRACE] DESC - Cluster ID: 1
[2016-07-23 19:21:19.330] [TRACE] DESC - Reference ID: DESCADF88D9DFAAC1901C1469298655
[2016-07-23 19:21:19.331] [TRACE] DESC - Mobile Number: 639178919829
[2016-07-23 19:21:19.331] [TRACE] DESC - Message: Thank you for texting your concern to MMDA. We will immedietly respond to you once we have reviewed your message. This message is free.
[2016-07-23 19:21:19.331] [TRACE] DESC - Sending transaction to https://post.chikka.com/smsapi/request
[2016-07-23 19:21:19.334] [TRACE] DESC - Closing Database Connection
[2016-07-23 19:21:19.514] [TRACE] DESC - ERROR: 400:BAD REQUEST
[2016-07-23 19:21:19.514] [TRACE] DESC - Manually Saving response
[2016-07-23 19:21:19.515] [TRACE] DESC - SUCCESS: 400:BAD REQUEST
[2016-07-23 19:21:19.600] [TRACE] DESC - Getting 1 Transactions
[2016-07-23 19:21:19.600] [TRACE] DESC - Cluster ID: 1
[2016-07-23 19:21:19.600] [TRACE] DESC - Reference ID: DESCADF88D9DFAAC1901C1469298655
[2016-07-23 19:21:19.600] [TRACE] DESC - Mobile Number: 639178919829
[2016-07-23 19:21:19.601] [TRACE] DESC - Message: Thank you for texting your concern to MMDA. We will immedietly respond to you once we have reviewed your message. This message is free.
[2016-07-23 19:21:19.601] [TRACE] DESC - Sending transaction to https://post.chikka.com/smsapi/request
[2016-07-23 19:21:19.603] [TRACE] DESC - Closing Database Connection
[2016-07-23 19:21:19.784] [TRACE] DESC - ERROR: 400:BAD REQUEST
[2016-07-23 19:21:19.785] [TRACE] DESC - Manually Saving response
[2016-07-23 19:21:19.786] [TRACE] DESC - SUCCESS: 400:BAD REQUEST
[2016-07-23 19:21:19.870] [TRACE] DESC - Getting 1 Transactions
[2016-07-23 19:21:19.870] [TRACE] DESC - Cluster ID: 1
[2016-07-23 19:21:19.871] [TRACE] DESC - Reference ID: DESCADF88D9DFAAC1901C1469298655
[2016-07-23 19:21:19.871] [TRACE] DESC - Mobile Number: 639178919829
[2016-07-23 19:21:19.872] [TRACE] DESC - Message: Thank you for texting your concern to MMDA. We will immedietly respond to you once we have reviewed your message. This message is free.
[2016-07-23 19:21:19.872] [TRACE] DESC - Sending transaction to https://post.chikka.com/smsapi/request
[2016-07-23 19:21:19.874] [TRACE] DESC - Closing Database Connection
[2016-07-23 19:21:20.052] [TRACE] DESC - ERROR: 400:BAD REQUEST
[2016-07-23 19:21:20.055] [TRACE] DESC - Manually Saving response
[2016-07-23 19:21:20.056] [TRACE] DESC - SUCCESS: 400:BAD REQUEST
[2016-07-23 19:21:20.139] [TRACE] DESC - Getting 1 Transactions
[2016-07-23 19:21:20.140] [TRACE] DESC - Cluster ID: 1
[2016-07-23 19:21:20.140] [TRACE] DESC - Reference ID: DESCADF88D9DFAAC1901C1469298655
[2016-07-23 19:21:20.140] [TRACE] DESC - Mobile Number: 639178919829
[2016-07-23 19:21:20.140] [TRACE] DESC - Message: Thank you for texting your concern to MMDA. We will immedietly respond to you once we have reviewed your message. This message is free.
[2016-07-23 19:21:20.141] [TRACE] DESC - Sending transaction to https://post.chikka.com/smsapi/request
[2016-07-23 19:21:20.142] [TRACE] DESC - Closing Database Connection
[2016-07-23 19:21:20.326] [TRACE] DESC - ERROR: 400:BAD REQUEST
[2016-07-23 19:21:20.327] [TRACE] DESC - Manually Saving response
[2016-07-23 19:21:20.328] [TRACE] DESC - SUCCESS: 400:BAD REQUEST
[2016-07-23 19:21:20.408] [TRACE] DESC - Getting 1 Transactions
[2016-07-23 19:21:20.408] [TRACE] DESC - Cluster ID: 1
[2016-07-23 19:21:20.408] [TRACE] DESC - Reference ID: DESCADF88D9DFAAC1901C1469298655
[2016-07-23 19:21:20.409] [TRACE] DESC - Mobile Number: 639178919829
[2016-07-23 19:21:20.409] [TRACE] DESC - Message: Thank you for texting your concern to MMDA. We will immedietly respond to you once we have reviewed your message. This message is free.
[2016-07-23 19:21:20.409] [TRACE] DESC - Sending transaction to https://post.chikka.com/smsapi/request
[2016-07-23 19:21:20.410] [TRACE] DESC - Closing Database Connection
[2016-07-23 19:21:20.596] [TRACE] DESC - ERROR: 400:BAD REQUEST
[2016-07-23 19:21:20.596] [TRACE] DESC - Manually Saving response
[2016-07-23 19:21:20.597] [TRACE] DESC - SUCCESS: 400:BAD REQUEST
[2016-07-23 19:21:20.677] [TRACE] DESC - Getting 1 Transactions
[2016-07-23 19:21:20.677] [TRACE] DESC - Cluster ID: 1
[2016-07-23 19:21:20.677] [TRACE] DESC - Reference ID: DESCADF88D9DFAAC1901C1469298655
[2016-07-23 19:21:20.678] [TRACE] DESC - Mobile Number: 639178919829
[2016-07-23 19:21:20.678] [TRACE] DESC - Message: Thank you for texting your concern to MMDA. We will immedietly respond to you once we have reviewed your message. This message is free.
[2016-07-23 19:21:20.678] [TRACE] DESC - Sending transaction to https://post.chikka.com/smsapi/request
[2016-07-23 19:21:20.680] [TRACE] DESC - Closing Database Connection
[2016-07-23 19:21:20.859] [TRACE] DESC - ERROR: 400:BAD REQUEST
[2016-07-23 19:21:20.860] [TRACE] DESC - Manually Saving response
[2016-07-23 19:21:20.862] [TRACE] DESC - SUCCESS: 400:BAD REQUEST
[2016-07-23 19:21:20.946] [TRACE] DESC - Getting 1 Transactions
[2016-07-23 19:21:20.948] [TRACE] DESC - Cluster ID: 1
[2016-07-23 19:21:20.949] [TRACE] DESC - Reference ID: DESCADF88D9DFAAC1901C1469298655
[2016-07-23 19:21:20.950] [TRACE] DESC - Mobile Number: 639178919829
[2016-07-23 19:21:20.950] [TRACE] DESC - Message: Thank you for texting your concern to MMDA. We will immedietly respond to you once we have reviewed your message. This message is free.
[2016-07-23 19:21:20.951] [TRACE] DESC - Sending transaction to https://post.chikka.com/smsapi/request
[2016-07-23 19:21:20.954] [TRACE] DESC - Closing Database Connection
[2016-07-23 19:21:21.129] [TRACE] DESC - ERROR: 400:BAD REQUEST
[2016-07-23 19:21:21.130] [TRACE] DESC - Manually Saving response
[2016-07-23 19:21:21.132] [TRACE] DESC - SUCCESS: 400:BAD REQUEST
[2016-07-23 19:21:21.220] [TRACE] DESC - Getting 1 Transactions
[2016-07-23 19:21:21.221] [TRACE] DESC - Cluster ID: 1
[2016-07-23 19:21:21.221] [TRACE] DESC - Reference ID: DESCADF88D9DFAAC1901C1469298655
[2016-07-23 19:21:21.221] [TRACE] DESC - Mobile Number: 639178919829
[2016-07-23 19:21:21.221] [TRACE] DESC - Message: Thank you for texting your concern to MMDA. We will immedietly respond to you once we have reviewed your message. This message is free.
[2016-07-23 19:21:21.222] [TRACE] DESC - Sending transaction to https://post.chikka.com/smsapi/request
[2016-07-23 19:21:21.225] [TRACE] DESC - Closing Database Connection
[2016-07-23 19:21:21.406] [TRACE] DESC - ERROR: 400:BAD REQUEST
[2016-07-23 19:21:21.408] [TRACE] DESC - Manually Saving response
[2016-07-23 19:21:21.409] [TRACE] DESC - SUCCESS: 400:BAD REQUEST
[2016-07-23 19:21:21.493] [TRACE] DESC - Getting 1 Transactions
[2016-07-23 19:21:21.493] [TRACE] DESC - Cluster ID: 1
[2016-07-23 19:21:21.493] [TRACE] DESC - Reference ID: DESCADF88D9DFAAC1901C1469298655
[2016-07-23 19:21:21.494] [TRACE] DESC - Mobile Number: 639178919829
[2016-07-23 19:21:21.494] [TRACE] DESC - Message: Thank you for texting your concern to MMDA. We will immedietly respond to you once we have reviewed your message. This message is free.
[2016-07-23 19:21:21.494] [TRACE] DESC - Sending transaction to https://post.chikka.com/smsapi/request
[2016-07-23 19:21:21.496] [TRACE] DESC - Closing Database Connection
[2016-07-23 19:21:21.678] [TRACE] DESC - ERROR: 400:BAD REQUEST
[2016-07-23 19:21:21.678] [TRACE] DESC - Manually Saving response
[2016-07-23 19:21:21.679] [TRACE] DESC - SUCCESS: 400:BAD REQUEST
[2016-07-23 19:21:21.762] [TRACE] DESC - Getting 1 Transactions
[2016-07-23 19:21:21.763] [TRACE] DESC - Cluster ID: 1
[2016-07-23 19:21:21.763] [TRACE] DESC - Reference ID: DESCADF88D9DFAAC1901C1469298655
[2016-07-23 19:21:21.764] [TRACE] DESC - Mobile Number: 639178919829
[2016-07-23 19:21:21.771] [TRACE] DESC - Message: Thank you for texting your concern to MMDA. We will immedietly respond to you once we have reviewed your message. This message is free.
[2016-07-23 19:21:21.771] [TRACE] DESC - Sending transaction to https://post.chikka.com/smsapi/request
[2016-07-23 19:21:21.772] [TRACE] DESC - Closing Database Connection
[2016-07-23 19:21:21.947] [TRACE] DESC - ERROR: 400:BAD REQUEST
[2016-07-23 19:21:21.949] [TRACE] DESC - Manually Saving response
[2016-07-23 19:21:21.950] [TRACE] DESC - SUCCESS: 400:BAD REQUEST
[2016-07-23 19:21:22.039] [TRACE] DESC - Getting 1 Transactions
[2016-07-23 19:21:22.040] [TRACE] DESC - Cluster ID: 1
[2016-07-23 19:21:22.040] [TRACE] DESC - Reference ID: DESCADF88D9DFAAC1901C1469298655
[2016-07-23 19:21:22.041] [TRACE] DESC - Mobile Number: 639178919829
[2016-07-23 19:21:22.041] [TRACE] DESC - Message: Thank you for texting your concern to MMDA. We will immedietly respond to you once we have reviewed your message. This message is free.
[2016-07-23 19:21:22.042] [TRACE] DESC - Sending transaction to https://post.chikka.com/smsapi/request
[2016-07-23 19:21:22.044] [TRACE] DESC - Closing Database Connection
[2016-07-23 19:21:22.240] [TRACE] DESC - ERROR: 400:BAD REQUEST
[2016-07-23 19:21:22.240] [TRACE] DESC - Manually Saving response
[2016-07-23 19:21:22.241] [TRACE] DESC - SUCCESS: 400:BAD REQUEST
[2016-07-23 19:21:22.312] [TRACE] DESC - Getting 1 Transactions
[2016-07-23 19:21:22.312] [TRACE] DESC - Cluster ID: 1
[2016-07-23 19:21:22.313] [TRACE] DESC - Reference ID: DESCADF88D9DFAAC1901C1469298655
[2016-07-23 19:21:22.313] [TRACE] DESC - Mobile Number: 639178919829
[2016-07-23 19:21:22.314] [TRACE] DESC - Message: Thank you for texting your concern to MMDA. We will immedietly respond to you once we have reviewed your message. This message is free.
[2016-07-23 19:21:22.314] [TRACE] DESC - Sending transaction to https://post.chikka.com/smsapi/request
[2016-07-23 19:21:22.317] [TRACE] DESC - Closing Database Connection
[2016-07-23 19:21:22.494] [TRACE] DESC - ERROR: 400:BAD REQUEST
[2016-07-23 19:21:22.494] [TRACE] DESC - Manually Saving response
[2016-07-23 19:21:22.495] [TRACE] DESC - SUCCESS: 400:BAD REQUEST
[2016-07-23 19:21:22.583] [TRACE] DESC - Getting 1 Transactions
[2016-07-23 19:21:22.583] [TRACE] DESC - Cluster ID: 1
[2016-07-23 19:21:22.584] [TRACE] DESC - Reference ID: DESCADF88D9DFAAC1901C1469298655
[2016-07-23 19:21:22.584] [TRACE] DESC - Mobile Number: 639178919829
[2016-07-23 19:21:22.585] [TRACE] DESC - Message: Thank you for texting your concern to MMDA. We will immedietly respond to you once we have reviewed your message. This message is free.
[2016-07-23 19:21:22.585] [TRACE] DESC - Sending transaction to https://post.chikka.com/smsapi/request
[2016-07-23 19:21:22.587] [TRACE] DESC - Closing Database Connection
[2016-07-23 19:21:22.767] [TRACE] DESC - ERROR: 400:BAD REQUEST
[2016-07-23 19:21:22.767] [TRACE] DESC - Manually Saving response
[2016-07-23 19:21:22.768] [TRACE] DESC - SUCCESS: 400:BAD REQUEST
[2016-07-23 19:21:22.853] [TRACE] DESC - Getting 1 Transactions
[2016-07-23 19:21:22.853] [TRACE] DESC - Cluster ID: 1
[2016-07-23 19:21:22.854] [TRACE] DESC - Reference ID: DESCADF88D9DFAAC1901C1469298655
[2016-07-23 19:21:22.856] [TRACE] DESC - Mobile Number: 639178919829
[2016-07-23 19:21:22.857] [TRACE] DESC - Message: Thank you for texting your concern to MMDA. We will immedietly respond to you once we have reviewed your message. This message is free.
[2016-07-23 19:21:22.857] [TRACE] DESC - Sending transaction to https://post.chikka.com/smsapi/request
[2016-07-23 19:21:22.859] [TRACE] DESC - Closing Database Connection
[2016-07-23 19:21:23.039] [TRACE] DESC - ERROR: 400:BAD REQUEST
[2016-07-23 19:21:23.039] [TRACE] DESC - Manually Saving response
[2016-07-23 19:21:23.040] [TRACE] DESC - SUCCESS: 400:BAD REQUEST
[2016-07-23 19:21:23.128] [TRACE] DESC - Getting 1 Transactions
[2016-07-23 19:21:23.128] [TRACE] DESC - Cluster ID: 1
[2016-07-23 19:21:23.129] [TRACE] DESC - Reference ID: DESCADF88D9DFAAC1901C1469298655
[2016-07-23 19:21:23.129] [TRACE] DESC - Mobile Number: 639178919829
[2016-07-23 19:21:23.129] [TRACE] DESC - Message: Thank you for texting your concern to MMDA. We will immedietly respond to you once we have reviewed your message. This message is free.
[2016-07-23 19:21:23.130] [TRACE] DESC - Sending transaction to https://post.chikka.com/smsapi/request
[2016-07-23 19:21:23.131] [TRACE] DESC - Closing Database Connection
[2016-07-23 19:21:23.319] [TRACE] DESC - ERROR: 400:BAD REQUEST
[2016-07-23 19:21:23.319] [TRACE] DESC - Manually Saving response
[2016-07-23 19:21:23.321] [TRACE] DESC - SUCCESS: 400:BAD REQUEST
[2016-07-23 19:21:23.397] [TRACE] DESC - Getting 1 Transactions
[2016-07-23 19:21:23.399] [TRACE] DESC - Cluster ID: 1
[2016-07-23 19:21:23.399] [TRACE] DESC - Reference ID: DESCADF88D9DFAAC1901C1469298655
[2016-07-23 19:21:23.399] [TRACE] DESC - Mobile Number: 639178919829
[2016-07-23 19:21:23.399] [TRACE] DESC - Message: Thank you for texting your concern to MMDA. We will immedietly respond to you once we have reviewed your message. This message is free.
[2016-07-23 19:21:23.400] [TRACE] DESC - Sending transaction to https://post.chikka.com/smsapi/request
[2016-07-23 19:21:23.401] [TRACE] DESC - Closing Database Connection
[2016-07-23 19:21:23.582] [TRACE] DESC - ERROR: 400:BAD REQUEST
[2016-07-23 19:21:23.582] [TRACE] DESC - Manually Saving response
[2016-07-23 19:21:23.586] [TRACE] DESC - SUCCESS: 400:BAD REQUEST
[2016-07-23 19:21:23.666] [TRACE] DESC - Getting 1 Transactions
[2016-07-23 19:21:23.667] [TRACE] DESC - Cluster ID: 1
[2016-07-23 19:21:23.667] [TRACE] DESC - Reference ID: DESCADF88D9DFAAC1901C1469298655
[2016-07-23 19:21:23.667] [TRACE] DESC - Mobile Number: 639178919829
[2016-07-23 19:21:23.668] [TRACE] DESC - Message: Thank you for texting your concern to MMDA. We will immedietly respond to you once we have reviewed your message. This message is free.
[2016-07-23 19:21:23.668] [TRACE] DESC - Sending transaction to https://post.chikka.com/smsapi/request
[2016-07-23 19:21:23.669] [TRACE] DESC - Closing Database Connection
[2016-07-23 19:21:23.851] [TRACE] DESC - ERROR: 400:BAD REQUEST
[2016-07-23 19:21:23.852] [TRACE] DESC - Manually Saving response
[2016-07-23 19:21:23.852] [TRACE] DESC - SUCCESS: 400:BAD REQUEST
[2016-07-23 19:21:23.935] [TRACE] DESC - Getting 1 Transactions
[2016-07-23 19:21:23.935] [TRACE] DESC - Cluster ID: 1
[2016-07-23 19:21:23.936] [TRACE] DESC - Reference ID: DESCADF88D9DFAAC1901C1469298655
[2016-07-23 19:21:23.936] [TRACE] DESC - Mobile Number: 639178919829
[2016-07-23 19:21:23.936] [TRACE] DESC - Message: Thank you for texting your concern to MMDA. We will immedietly respond to you once we have reviewed your message. This message is free.
[2016-07-23 19:21:23.937] [TRACE] DESC - Sending transaction to https://post.chikka.com/smsapi/request
[2016-07-23 19:21:23.944] [TRACE] DESC - Closing Database Connection
[2016-07-23 19:21:24.121] [TRACE] DESC - ERROR: 400:BAD REQUEST
[2016-07-23 19:21:24.121] [TRACE] DESC - Manually Saving response
[2016-07-23 19:21:24.122] [TRACE] DESC - SUCCESS: 400:BAD REQUEST
[2016-07-23 19:21:24.211] [TRACE] DESC - Getting 1 Transactions
[2016-07-23 19:21:24.211] [TRACE] DESC - Cluster ID: 1
[2016-07-23 19:21:24.211] [TRACE] DESC - Reference ID: DESCADF88D9DFAAC1901C1469298655
[2016-07-23 19:21:24.211] [TRACE] DESC - Mobile Number: 639178919829
[2016-07-23 19:21:24.212] [TRACE] DESC - Message: Thank you for texting your concern to MMDA. We will immedietly respond to you once we have reviewed your message. This message is free.
[2016-07-23 19:21:24.212] [TRACE] DESC - Sending transaction to https://post.chikka.com/smsapi/request
[2016-07-23 19:21:24.214] [TRACE] DESC - Closing Database Connection
[2016-07-23 19:21:24.397] [TRACE] DESC - ERROR: 400:BAD REQUEST
[2016-07-23 19:21:24.397] [TRACE] DESC - Manually Saving response
[2016-07-23 19:21:24.398] [TRACE] DESC - SUCCESS: 400:BAD REQUEST
[2016-07-23 19:21:24.481] [TRACE] DESC - Getting 1 Transactions
[2016-07-23 19:21:24.487] [TRACE] DESC - Cluster ID: 1
[2016-07-23 19:21:24.487] [TRACE] DESC - Reference ID: DESCADF88D9DFAAC1901C1469298655
[2016-07-23 19:21:24.488] [TRACE] DESC - Mobile Number: 639178919829
[2016-07-23 19:21:24.488] [TRACE] DESC - Message: Thank you for texting your concern to MMDA. We will immedietly respond to you once we have reviewed your message. This message is free.
[2016-07-23 19:21:24.488] [TRACE] DESC - Sending transaction to https://post.chikka.com/smsapi/request
[2016-07-23 19:21:24.489] [TRACE] DESC - Closing Database Connection
[2016-07-23 19:21:24.664] [TRACE] DESC - ERROR: 400:BAD REQUEST
[2016-07-23 19:21:24.665] [TRACE] DESC - Manually Saving response
[2016-07-23 19:21:24.666] [TRACE] DESC - SUCCESS: 400:BAD REQUEST
[2016-07-23 19:21:24.755] [TRACE] DESC - Getting 1 Transactions
[2016-07-23 19:21:24.756] [TRACE] DESC - Cluster ID: 1
[2016-07-23 19:21:24.756] [TRACE] DESC - Reference ID: DESCADF88D9DFAAC1901C1469298655
[2016-07-23 19:21:24.756] [TRACE] DESC - Mobile Number: 639178919829
[2016-07-23 19:21:24.756] [TRACE] DESC - Message: Thank you for texting your concern to MMDA. We will immedietly respond to you once we have reviewed your message. This message is free.
[2016-07-23 19:21:24.756] [TRACE] DESC - Sending transaction to https://post.chikka.com/smsapi/request
[2016-07-23 19:21:24.758] [TRACE] DESC - Closing Database Connection
[2016-07-23 19:21:24.938] [TRACE] DESC - ERROR: 400:BAD REQUEST
[2016-07-23 19:21:24.938] [TRACE] DESC - Manually Saving response
[2016-07-23 19:21:24.941] [TRACE] DESC - SUCCESS: 400:BAD REQUEST
[2016-07-23 19:21:25.025] [TRACE] DESC - Getting 1 Transactions
[2016-07-23 19:21:25.025] [TRACE] DESC - Cluster ID: 1
[2016-07-23 19:21:25.025] [TRACE] DESC - Reference ID: DESCADF88D9DFAAC1901C1469298655
[2016-07-23 19:21:25.025] [TRACE] DESC - Mobile Number: 639178919829
[2016-07-23 19:21:25.026] [TRACE] DESC - Message: Thank you for texting your concern to MMDA. We will immedietly respond to you once we have reviewed your message. This message is free.
[2016-07-23 19:21:25.026] [TRACE] DESC - Sending transaction to https://post.chikka.com/smsapi/request
[2016-07-23 19:21:25.027] [TRACE] DESC - Closing Database Connection
[2016-07-23 19:21:25.212] [TRACE] DESC - ERROR: 400:BAD REQUEST
[2016-07-23 19:21:25.213] [TRACE] DESC - Manually Saving response
[2016-07-23 19:21:25.213] [TRACE] DESC - SUCCESS: 400:BAD REQUEST
[2016-07-23 19:21:25.292] [TRACE] DESC - Getting 1 Transactions
[2016-07-23 19:21:25.294] [TRACE] DESC - Cluster ID: 1
[2016-07-23 19:21:25.295] [TRACE] DESC - Reference ID: DESCADF88D9DFAAC1901C1469298655
[2016-07-23 19:21:25.296] [TRACE] DESC - Mobile Number: 639178919829
[2016-07-23 19:21:25.300] [TRACE] DESC - Message: Thank you for texting your concern to MMDA. We will immedietly respond to you once we have reviewed your message. This message is free.
[2016-07-23 19:21:25.300] [TRACE] DESC - Sending transaction to https://post.chikka.com/smsapi/request
[2016-07-23 19:21:25.301] [TRACE] DESC - Closing Database Connection
[2016-07-23 19:21:25.492] [TRACE] DESC - ERROR: 400:BAD REQUEST
[2016-07-23 19:21:25.494] [TRACE] DESC - Manually Saving response
[2016-07-23 19:21:25.494] [TRACE] DESC - SUCCESS: 400:BAD REQUEST
[2016-07-23 19:21:25.567] [TRACE] DESC - Getting 1 Transactions
[2016-07-23 19:21:25.568] [TRACE] DESC - Cluster ID: 1
[2016-07-23 19:21:25.568] [TRACE] DESC - Reference ID: DESCADF88D9DFAAC1901C1469298655
[2016-07-23 19:21:25.569] [TRACE] DESC - Mobile Number: 639178919829
[2016-07-23 19:21:25.569] [TRACE] DESC - Message: Thank you for texting your concern to MMDA. We will immedietly respond to you once we have reviewed your message. This message is free.
[2016-07-23 19:21:25.570] [TRACE] DESC - Sending transaction to https://post.chikka.com/smsapi/request
[2016-07-23 19:21:25.571] [TRACE] DESC - Closing Database Connection
[2016-07-23 19:21:25.753] [TRACE] DESC - ERROR: 400:BAD REQUEST
[2016-07-23 19:21:25.753] [TRACE] DESC - Manually Saving response
[2016-07-23 19:21:25.754] [TRACE] DESC - SUCCESS: 400:BAD REQUEST
[2016-07-23 19:21:25.837] [TRACE] DESC - Getting 1 Transactions
[2016-07-23 19:21:25.838] [TRACE] DESC - Cluster ID: 1
[2016-07-23 19:21:25.838] [TRACE] DESC - Reference ID: DESCADF88D9DFAAC1901C1469298655
[2016-07-23 19:21:25.838] [TRACE] DESC - Mobile Number: 639178919829
[2016-07-23 19:21:25.839] [TRACE] DESC - Message: Thank you for texting your concern to MMDA. We will immedietly respond to you once we have reviewed your message. This message is free.
[2016-07-23 19:21:25.839] [TRACE] DESC - Sending transaction to https://post.chikka.com/smsapi/request
[2016-07-23 19:21:25.840] [TRACE] DESC - Closing Database Connection
[2016-07-23 19:21:26.021] [TRACE] DESC - ERROR: 400:BAD REQUEST
[2016-07-23 19:21:26.021] [TRACE] DESC - Manually Saving response
[2016-07-23 19:21:26.022] [TRACE] DESC - SUCCESS: 400:BAD REQUEST
[2016-07-23 19:21:26.106] [TRACE] DESC - Getting 1 Transactions
[2016-07-23 19:21:26.106] [TRACE] DESC - Cluster ID: 1
[2016-07-23 19:21:26.106] [TRACE] DESC - Reference ID: DESCADF88D9DFAAC1901C1469298655
[2016-07-23 19:21:26.106] [TRACE] DESC - Mobile Number: 639178919829
[2016-07-23 19:21:26.107] [TRACE] DESC - Message: Thank you for texting your concern to MMDA. We will immedietly respond to you once we have reviewed your message. This message is free.
[2016-07-23 19:21:26.107] [TRACE] DESC - Sending transaction to https://post.chikka.com/smsapi/request
[2016-07-23 19:21:26.108] [TRACE] DESC - Closing Database Connection
[2016-07-23 19:21:26.290] [TRACE] DESC - ERROR: 400:BAD REQUEST
[2016-07-23 19:21:26.290] [TRACE] DESC - Manually Saving response
[2016-07-23 19:21:26.291] [TRACE] DESC - SUCCESS: 400:BAD REQUEST
[2016-07-23 19:21:26.377] [TRACE] DESC - Getting 1 Transactions
[2016-07-23 19:21:26.378] [TRACE] DESC - Cluster ID: 1
[2016-07-23 19:21:26.378] [TRACE] DESC - Reference ID: DESCADF88D9DFAAC1901C1469298655
[2016-07-23 19:21:26.378] [TRACE] DESC - Mobile Number: 639178919829
[2016-07-23 19:21:26.378] [TRACE] DESC - Message: Thank you for texting your concern to MMDA. We will immedietly respond to you once we have reviewed your message. This message is free.
[2016-07-23 19:21:26.378] [TRACE] DESC - Sending transaction to https://post.chikka.com/smsapi/request
[2016-07-23 19:21:26.380] [TRACE] DESC - Closing Database Connection
[2016-07-23 19:21:26.558] [TRACE] DESC - ERROR: 400:BAD REQUEST
[2016-07-23 19:21:26.558] [TRACE] DESC - Manually Saving response
[2016-07-23 19:21:26.560] [TRACE] DESC - SUCCESS: 400:BAD REQUEST
[2016-07-23 19:21:26.646] [TRACE] DESC - Getting 1 Transactions
[2016-07-23 19:21:26.646] [TRACE] DESC - Cluster ID: 1
[2016-07-23 19:21:26.646] [TRACE] DESC - Reference ID: DESCADF88D9DFAAC1901C1469298655
[2016-07-23 19:21:26.646] [TRACE] DESC - Mobile Number: 639178919829
[2016-07-23 19:21:26.647] [TRACE] DESC - Message: Thank you for texting your concern to MMDA. We will immedietly respond to you once we have reviewed your message. This message is free.
[2016-07-23 19:21:26.647] [TRACE] DESC - Sending transaction to https://post.chikka.com/smsapi/request
[2016-07-23 19:21:26.648] [TRACE] DESC - Closing Database Connection
[2016-07-23 19:21:26.829] [TRACE] DESC - ERROR: 400:BAD REQUEST
[2016-07-23 19:21:26.830] [TRACE] DESC - Manually Saving response
[2016-07-23 19:21:26.830] [TRACE] DESC - SUCCESS: 400:BAD REQUEST
[2016-07-23 19:21:26.915] [TRACE] DESC - Getting 1 Transactions
[2016-07-23 19:21:26.915] [TRACE] DESC - Cluster ID: 1
[2016-07-23 19:21:26.915] [TRACE] DESC - Reference ID: DESCADF88D9DFAAC1901C1469298655
[2016-07-23 19:21:26.915] [TRACE] DESC - Mobile Number: 639178919829
[2016-07-23 19:21:26.915] [TRACE] DESC - Message: Thank you for texting your concern to MMDA. We will immedietly respond to you once we have reviewed your message. This message is free.
[2016-07-23 19:21:26.916] [TRACE] DESC - Sending transaction to https://post.chikka.com/smsapi/request
[2016-07-23 19:21:26.917] [TRACE] DESC - Closing Database Connection
[2016-07-23 19:21:27.098] [TRACE] DESC - ERROR: 400:BAD REQUEST
[2016-07-23 19:21:27.098] [TRACE] DESC - Manually Saving response
[2016-07-23 19:21:27.099] [TRACE] DESC - SUCCESS: 400:BAD REQUEST
[2016-07-23 19:21:27.182] [TRACE] DESC - Getting 1 Transactions
[2016-07-23 19:21:27.182] [TRACE] DESC - Cluster ID: 1
[2016-07-23 19:21:27.183] [TRACE] DESC - Reference ID: DESCADF88D9DFAAC1901C1469298655
[2016-07-23 19:21:27.183] [TRACE] DESC - Mobile Number: 639178919829
[2016-07-23 19:21:27.183] [TRACE] DESC - Message: Thank you for texting your concern to MMDA. We will immedietly respond to you once we have reviewed your message. This message is free.
[2016-07-23 19:21:27.183] [TRACE] DESC - Sending transaction to https://post.chikka.com/smsapi/request
[2016-07-23 19:21:27.188] [TRACE] DESC - Closing Database Connection
[2016-07-23 19:21:27.368] [TRACE] DESC - ERROR: 400:BAD REQUEST
[2016-07-23 19:21:27.368] [TRACE] DESC - Manually Saving response
[2016-07-23 19:21:27.369] [TRACE] DESC - SUCCESS: 400:BAD REQUEST
[2016-07-23 19:21:27.456] [TRACE] DESC - Getting 1 Transactions
[2016-07-23 19:21:27.456] [TRACE] DESC - Cluster ID: 1
[2016-07-23 19:21:27.456] [TRACE] DESC - Reference ID: DESCADF88D9DFAAC1901C1469298655
[2016-07-23 19:21:27.456] [TRACE] DESC - Mobile Number: 639178919829
[2016-07-23 19:21:27.457] [TRACE] DESC - Message: Thank you for texting your concern to MMDA. We will immedietly respond to you once we have reviewed your message. This message is free.
[2016-07-23 19:21:27.457] [TRACE] DESC - Sending transaction to https://post.chikka.com/smsapi/request
[2016-07-23 19:21:27.458] [TRACE] DESC - Closing Database Connection
[2016-07-23 19:21:27.642] [TRACE] DESC - ERROR: 400:BAD REQUEST
[2016-07-23 19:21:27.642] [TRACE] DESC - Manually Saving response
[2016-07-23 19:21:27.643] [TRACE] DESC - SUCCESS: 400:BAD REQUEST
[2016-07-23 19:21:27.724] [TRACE] DESC - Getting 1 Transactions
[2016-07-23 19:21:27.724] [TRACE] DESC - Cluster ID: 1
[2016-07-23 19:21:27.724] [TRACE] DESC - Reference ID: DESCADF88D9DFAAC1901C1469298655
[2016-07-23 19:21:27.724] [TRACE] DESC - Mobile Number: 639178919829
[2016-07-23 19:21:27.724] [TRACE] DESC - Message: Thank you for texting your concern to MMDA. We will immedietly respond to you once we have reviewed your message. This message is free.
[2016-07-23 19:21:27.724] [TRACE] DESC - Sending transaction to https://post.chikka.com/smsapi/request
[2016-07-23 19:21:27.727] [TRACE] DESC - Closing Database Connection
[2016-07-23 19:36:26.749] [TRACE] DESC - Opening Database Connection
[2016-07-23 19:36:27.879] [TRACE] DESC - Getting 1 Transactions
[2016-07-23 19:36:27.880] [TRACE] DESC - Cluster ID: 1
[2016-07-23 19:36:27.880] [TRACE] DESC - Reference ID: DESCADF88D9DFAAC1901C1469298655
[2016-07-23 19:36:27.880] [TRACE] DESC - Mobile Number: 639178919829
[2016-07-23 19:36:27.880] [TRACE] DESC - Message: Thank you for texting your concern to MMDA. We will immedietly respond to you once we have reviewed your message. This message is free.
[2016-07-23 19:36:27.881] [TRACE] DESC - Sending transaction to https://post.chikka.com/smsapi/request
[2016-07-23 19:36:28.542] [TRACE] DESC - ERROR: 400:BAD REQUEST
[2016-07-23 19:36:28.543] [TRACE] DESC - Manually Saving response
[2016-07-23 19:36:28.544] [TRACE] DESC - SUCCESS: 400:BAD REQUEST
[2016-07-23 19:38:28.655] [TRACE] DESC - Opening Database Connection
[2016-07-23 19:39:09.184] [TRACE] DESC - Opening Database Connection
[2016-07-23 19:42:36.619] [TRACE] DESC - Opening Database Connection
[2016-07-23 19:45:19.512] [TRACE] DESC - Opening Database Connection
[2016-07-23 19:58:01.632] [TRACE] DESC - Opening Database Connection
[2016-07-23 20:02:21.388] [TRACE] DESC - Opening Database Connection
[2016-07-23 20:02:29.223] [TRACE] DESC - ...
[2016-07-23 20:02:29.489] [TRACE] DESC - ...
[2016-07-23 20:02:29.757] [TRACE] DESC - ...
[2016-07-23 20:02:30.023] [TRACE] DESC - ...
[2016-07-23 20:02:31.674] [TRACE] DESC - ...
[2016-07-23 20:02:33.674] [TRACE] DESC - ...
[2016-07-23 20:02:35.677] [TRACE] DESC - ...
[2016-07-23 20:02:37.679] [TRACE] DESC - ...
[2016-07-23 20:02:39.681] [TRACE] DESC - ...
[2016-07-23 20:02:41.683] [TRACE] DESC - ...
[2016-07-23 20:02:43.685] [TRACE] DESC - ...
[2016-07-23 20:02:45.687] [TRACE] DESC - ...
[2016-07-23 20:02:48.166] [TRACE] DESC - ...
[2016-07-23 20:02:49.692] [TRACE] DESC - ...
[2016-07-23 20:02:51.694] [TRACE] DESC - ...
[2016-07-23 20:02:53.695] [TRACE] DESC - ...
[2016-07-23 20:02:55.699] [TRACE] DESC - ...
[2016-07-23 20:02:57.701] [TRACE] DESC - ...
[2016-07-23 20:02:59.703] [TRACE] DESC - ...
[2016-07-23 20:03:02.177] [TRACE] DESC - ...
[2016-07-23 20:03:03.710] [TRACE] DESC - ...
[2016-07-23 20:03:05.709] [TRACE] DESC - ...
[2016-07-23 20:03:07.714] [TRACE] DESC - ...
[2016-07-23 20:03:09.715] [TRACE] DESC - ...
[2016-07-23 20:03:12.182] [TRACE] DESC - ...
[2016-07-23 20:03:13.718] [TRACE] DESC - ...
[2016-07-23 20:03:15.724] [TRACE] DESC - Getting 1 Transactions
[2016-07-23 20:03:15.724] [TRACE] DESC - Cluster ID: 1
[2016-07-23 20:03:15.724] [TRACE] DESC - Reference ID: DESC9D12A9474F690C8641469304188
[2016-07-23 20:03:15.725] [TRACE] DESC - Mobile Number: 639178919829
[2016-07-23 20:03:15.725] [TRACE] DESC - Message: Thank you for texting your concern to MMDA. We will immedietly respond to you once we have reviewed your message. This message is free.
[2016-07-23 20:03:15.726] [TRACE] DESC - Sending transaction to https://post.chikka.com/smsapi/request
[2016-07-23 20:03:16.668] [TRACE] DESC - ERROR: 400:BAD REQUEST
[2016-07-23 20:03:16.669] [TRACE] DESC - Manually Saving response
[2016-07-23 20:03:16.671] [TRACE] DESC - SUCCESS: 400:BAD REQUEST
[2016-07-23 20:03:17.726] [TRACE] DESC - ...
[2016-07-23 20:03:19.728] [TRACE] DESC - ...
[2016-07-23 20:03:21.729] [TRACE] DESC - ...
[2016-07-23 20:03:23.733] [TRACE] DESC - ...
[2016-07-23 20:03:25.738] [TRACE] DESC - ...
[2016-07-23 20:03:27.736] [TRACE] DESC - ...
[2016-07-23 20:03:29.740] [TRACE] DESC - ...
[2016-07-23 20:03:31.739] [TRACE] DESC - ...
[2016-07-23 20:03:33.742] [TRACE] DESC - ...
[2016-07-23 20:03:35.746] [TRACE] DESC - ...
[2016-07-23 20:03:37.749] [TRACE] DESC - ...
[2016-07-23 20:03:39.753] [TRACE] DESC - ...
[2016-07-23 20:03:41.757] [TRACE] DESC - ...
[2016-07-23 20:03:43.759] [TRACE] DESC - ...
[2016-07-23 20:03:45.762] [TRACE] DESC - ...
[2016-07-23 20:03:47.766] [TRACE] DESC - ...
[2016-07-23 20:03:49.772] [TRACE] DESC - ...
[2016-07-23 20:03:51.774] [TRACE] DESC - ...
[2016-07-23 20:03:53.773] [TRACE] DESC - ...
[2016-07-23 20:03:55.778] [TRACE] DESC - ...
[2016-07-23 20:03:57.779] [TRACE] DESC - ...
[2016-07-23 20:03:59.779] [TRACE] DESC - ...
[2016-07-23 20:04:02.714] [TRACE] DESC - ...
[2016-07-23 20:04:03.782] [TRACE] DESC - ...
[2016-07-23 20:04:05.795] [TRACE] DESC - ...
[2016-07-23 20:04:07.787] [TRACE] DESC - ...
[2016-07-23 20:04:09.793] [TRACE] DESC - ...
[2016-07-23 20:04:11.800] [TRACE] DESC - ...
[2016-07-23 20:04:13.799] [TRACE] DESC - ...
[2016-07-23 20:04:15.803] [TRACE] DESC - ...
[2016-07-23 20:04:17.803] [TRACE] DESC - ...
[2016-07-23 20:04:19.805] [TRACE] DESC - ...
[2016-07-23 20:04:21.807] [TRACE] DESC - ...
[2016-07-23 20:04:23.808] [TRACE] DESC - ...
[2016-07-23 20:04:25.833] [TRACE] DESC - ...
[2016-07-23 20:04:27.811] [TRACE] DESC - ...
[2016-07-23 20:04:29.812] [TRACE] DESC - ...
[2016-07-23 20:04:31.815] [TRACE] DESC - ...
[2016-07-23 20:04:33.818] [TRACE] DESC - ...
[2016-07-23 20:04:35.820] [TRACE] DESC - ...
[2016-07-23 20:04:37.824] [TRACE] DESC - ...
[2016-07-23 20:04:39.826] [TRACE] DESC - ...
[2016-07-23 20:04:41.829] [TRACE] DESC - ...
[2016-07-23 20:04:43.833] [TRACE] DESC - ...
[2016-07-23 20:04:45.836] [TRACE] DESC - ...
[2016-07-23 20:04:47.837] [TRACE] DESC - Getting 1 Transactions
[2016-07-23 20:04:47.838] [TRACE] DESC - Cluster ID: 1
[2016-07-23 20:04:47.838] [TRACE] DESC - Reference ID: DESC13C9CDDC5D35328F01469304272
[2016-07-23 20:04:47.838] [TRACE] DESC - Mobile Number: 639178919829
[2016-07-23 20:04:47.838] [TRACE] DESC - Message: Thank you for texting your concern to MMDA. We will immedietly respond to you once we have reviewed your message. This message is free.
[2016-07-23 20:04:47.839] [TRACE] DESC - Sending transaction to https://post.chikka.com/smsapi/request
[2016-07-23 20:04:48.299] [TRACE] DESC - ERROR: 400:BAD REQUEST
[2016-07-23 20:04:48.299] [TRACE] DESC - Manually Saving response
[2016-07-23 20:04:48.300] [TRACE] DESC - SUCCESS: 400:BAD REQUEST
[2016-07-23 20:04:50.310] [TRACE] DESC - ...
[2016-07-23 20:04:51.841] [TRACE] DESC - ...
[2016-07-23 20:04:53.843] [TRACE] DESC - ...
[2016-07-23 20:04:55.845] [TRACE] DESC - ...
[2016-07-23 20:04:57.847] [TRACE] DESC - ...
[2016-07-23 20:04:59.848] [TRACE] DESC - ...
[2016-07-23 20:05:01.853] [TRACE] DESC - ...
[2016-07-23 20:05:04.326] [TRACE] DESC - ...
[2016-07-23 20:05:05.861] [TRACE] DESC - ...
[2016-07-23 20:05:07.863] [TRACE] DESC - ...
[2016-07-23 20:05:09.866] [TRACE] DESC - ...
[2016-07-23 20:05:11.867] [TRACE] DESC - ...
[2016-07-23 20:05:13.869] [TRACE] DESC - ...
[2016-07-23 20:05:15.872] [TRACE] DESC - ...
[2016-07-23 20:05:17.876] [TRACE] DESC - ...
[2016-07-23 20:05:19.877] [TRACE] DESC - ...
[2016-07-23 20:05:21.880] [TRACE] DESC - ...
[2016-07-23 20:05:38.592] [TRACE] DESC - Opening Database Connection
[2016-07-23 20:05:50.105] [TRACE] DESC - ...
[2016-07-23 20:05:50.372] [TRACE] DESC - ...
[2016-07-23 20:05:50.639] [TRACE] DESC - ...
[2016-07-23 20:05:50.904] [TRACE] DESC - ...
[2016-07-23 20:05:51.170] [TRACE] DESC - ...
[2016-07-23 20:05:51.435] [TRACE] DESC - ...
[2016-07-23 20:05:52.886] [TRACE] DESC - ...
[2016-07-23 20:05:54.888] [TRACE] DESC - ...
[2016-07-23 20:05:56.890] [TRACE] DESC - ...
[2016-07-23 20:05:58.892] [TRACE] DESC - ...
[2016-07-23 20:06:00.894] [TRACE] DESC - ...
[2016-07-23 20:06:02.894] [TRACE] DESC - ...
[2016-07-23 20:06:04.896] [TRACE] DESC - ...
[2016-07-23 20:06:06.898] [TRACE] DESC - ...
[2016-07-23 20:06:08.905] [TRACE] DESC - Getting 1 Transactions
[2016-07-23 20:06:08.906] [TRACE] DESC - Cluster ID: 1
[2016-07-23 20:06:08.906] [TRACE] DESC - Reference ID: DESC529F9A119AED5484E1469304355
[2016-07-23 20:06:08.908] [TRACE] DESC - Mobile Number: 639178919829
[2016-07-23 20:06:08.908] [TRACE] DESC - Message: Thank you for texting your concern to MMDA. We will immedietly respond to you once we have reviewed your message. This message is free.
[2016-07-23 20:06:08.908] [TRACE] DESC - Sending transaction to https://post.chikka.com/smsapi/request
[2016-07-23 20:06:09.557] [TRACE] DESC - ERROR: 400:BAD REQUEST
[2016-07-23 20:06:09.557] [TRACE] DESC - Manually Saving response
[2016-07-23 20:06:10.904] [TRACE] DESC - ...
[2016-07-23 20:06:12.908] [TRACE] DESC - ...
[2016-07-23 20:06:14.911] [TRACE] DESC - ...
[2016-07-23 20:06:16.913] [TRACE] DESC - ...
[2016-07-23 20:06:18.916] [TRACE] DESC - ...
[2016-07-23 20:06:20.919] [TRACE] DESC - ...
[2016-07-23 20:06:22.922] [TRACE] DESC - ...
[2016-07-23 20:06:25.390] [TRACE] DESC - ...
[2016-07-23 20:06:26.924] [TRACE] DESC - ...
[2016-07-23 20:06:29.394] [TRACE] DESC - ...
[2016-07-23 20:06:30.928] [TRACE] DESC - ...
[2016-07-23 20:06:33.398] [TRACE] DESC - ...
[2016-07-23 20:06:34.935] [TRACE] DESC - ...
[2016-07-23 20:06:36.934] [TRACE] DESC - ...
[2016-07-23 20:06:38.937] [TRACE] DESC - ...
[2016-07-23 20:06:40.938] [TRACE] DESC - ...
[2016-07-23 20:06:42.941] [TRACE] DESC - ...
[2016-07-23 20:06:44.944] [TRACE] DESC - ...
[2016-07-23 20:06:46.947] [TRACE] DESC - ...
[2016-07-23 20:06:48.946] [TRACE] DESC - ...
[2016-07-23 20:06:50.948] [TRACE] DESC - ...
[2016-07-23 20:06:52.953] [TRACE] DESC - ...
[2016-07-23 20:06:54.956] [TRACE] DESC - ...
[2016-07-23 20:06:56.959] [TRACE] DESC - ...
[2016-07-23 20:06:58.964] [TRACE] DESC - ...
[2016-07-23 20:07:00.966] [TRACE] DESC - ...
[2016-07-23 20:07:02.969] [TRACE] DESC - ...
[2016-07-23 20:07:04.972] [TRACE] DESC - ...
[2016-07-23 20:07:06.981] [TRACE] DESC - ...
[2016-07-23 20:07:09.442] [TRACE] DESC - ...
[2016-07-23 20:07:11.906] [TRACE] DESC - ...
[2016-07-23 20:07:13.442] [TRACE] DESC - ...
[2016-07-23 20:07:14.982] [TRACE] DESC - ...
[2016-07-23 20:07:16.987] [TRACE] DESC - ...
[2016-07-23 20:07:18.990] [TRACE] DESC - ...
[2016-07-23 20:07:20.993] [TRACE] DESC - ...
[2016-07-23 20:07:22.996] [TRACE] DESC - ...
[2016-07-23 20:07:24.998] [TRACE] DESC - ...
[2016-07-23 20:07:27.000] [TRACE] DESC - ...
[2016-07-23 20:07:29.002] [TRACE] DESC - ...
[2016-07-23 20:07:31.016] [TRACE] DESC - ...
[2016-07-23 20:07:33.010] [TRACE] DESC - ...
[2016-07-23 20:07:35.014] [TRACE] DESC - ...
[2016-07-23 20:07:37.016] [TRACE] DESC - ...
[2016-07-23 20:07:39.025] [TRACE] DESC - ...
[2016-07-23 20:07:41.020] [TRACE] DESC - ...
[2016-07-23 20:07:43.023] [TRACE] DESC - ...
[2016-07-23 20:07:45.026] [TRACE] DESC - ...
[2016-07-23 20:07:47.048] [TRACE] DESC - ...
[2016-07-23 20:07:49.070] [TRACE] DESC - ...
[2016-07-23 20:07:51.074] [TRACE] DESC - ...
[2016-07-23 20:07:53.074] [TRACE] DESC - ...
[2016-07-23 20:07:55.076] [TRACE] DESC - ...
[2016-07-23 20:07:57.078] [TRACE] DESC - ...
[2016-07-23 20:07:59.546] [TRACE] DESC - ...
[2016-07-23 20:08:01.081] [TRACE] DESC - ...
[2016-07-23 20:08:03.086] [TRACE] DESC - ...
[2016-07-23 20:08:05.088] [TRACE] DESC - ...
[2016-07-23 20:08:07.089] [TRACE] DESC - ...
[2016-07-23 20:08:09.093] [TRACE] DESC - ...
[2016-07-23 20:08:11.098] [TRACE] DESC - ...
[2016-07-23 20:08:13.102] [TRACE] DESC - ...
[2016-07-23 20:08:15.104] [TRACE] DESC - ...
[2016-07-23 20:08:17.108] [TRACE] DESC - ...
[2016-07-23 20:08:19.110] [TRACE] DESC - ...
[2016-07-23 20:08:21.112] [TRACE] DESC - ...
[2016-07-23 20:08:23.114] [TRACE] DESC - ...
[2016-07-23 20:08:25.116] [TRACE] DESC - ...
[2016-07-23 20:08:27.118] [TRACE] DESC - ...
[2016-07-23 20:08:29.121] [TRACE] DESC - ...
[2016-07-23 20:08:31.124] [TRACE] DESC - ...
[2016-07-23 20:08:33.129] [TRACE] DESC - ...
[2016-07-23 20:08:35.131] [TRACE] DESC - ...
[2016-07-23 20:08:37.134] [TRACE] DESC - ...
[2016-07-23 20:08:39.136] [TRACE] DESC - ...
[2016-07-23 20:08:41.138] [TRACE] DESC - ...
[2016-07-23 20:08:43.141] [TRACE] DESC - ...
[2016-07-23 20:08:45.143] [TRACE] DESC - ...
[2016-07-23 20:08:47.146] [TRACE] DESC - ...
[2016-07-23 20:08:49.150] [TRACE] DESC - ...
[2016-07-23 20:08:51.150] [TRACE] DESC - ...
[2016-07-23 20:08:53.153] [TRACE] DESC - ...
[2016-07-23 20:08:55.154] [TRACE] DESC - ...
[2016-07-23 20:08:57.156] [TRACE] DESC - ...
[2016-07-23 20:08:59.158] [TRACE] DESC - ...
[2016-07-23 20:09:01.630] [TRACE] DESC - ...
[2016-07-23 20:09:03.161] [TRACE] DESC - ...
[2016-07-23 20:09:05.166] [TRACE] DESC - ...
[2016-07-23 20:09:07.168] [TRACE] DESC - ...
[2016-07-23 20:09:09.170] [TRACE] DESC - ...
[2016-07-23 20:09:11.638] [TRACE] DESC - ...
[2016-07-23 20:09:13.176] [TRACE] DESC - ...
[2016-07-23 20:09:15.178] [TRACE] DESC - ...
[2016-07-23 20:09:18.114] [TRACE] DESC - ...
[2016-07-23 20:09:19.182] [TRACE] DESC - ...
[2016-07-23 20:09:21.185] [TRACE] DESC - ...
[2016-07-23 20:09:23.186] [TRACE] DESC - ...
[2016-07-23 20:09:25.190] [TRACE] DESC - ...
[2016-07-23 20:09:27.191] [TRACE] DESC - ...
[2016-07-23 20:09:29.194] [TRACE] DESC - ...
[2016-07-23 20:09:31.194] [TRACE] DESC - ...
[2016-07-23 20:09:33.196] [TRACE] DESC - ...
[2016-07-23 20:09:35.198] [TRACE] DESC - ...
[2016-07-23 20:09:37.201] [TRACE] DESC - ...
[2016-07-23 20:09:39.674] [TRACE] DESC - ...
[2016-07-23 20:09:41.203] [TRACE] DESC - ...
[2016-07-23 20:09:43.207] [TRACE] DESC - ...
[2016-07-23 20:09:45.211] [TRACE] DESC - ...
[2016-07-23 20:09:47.214] [TRACE] DESC - ...
[2016-07-23 20:09:49.682] [TRACE] DESC - ...
[2016-07-23 20:09:51.217] [TRACE] DESC - ...
[2016-07-23 20:09:53.718] [TRACE] DESC - ...
[2016-07-23 20:09:55.225] [TRACE] DESC - ...
[2016-07-23 20:09:57.231] [TRACE] DESC - ...
[2016-07-23 20:09:59.250] [TRACE] DESC - ...
[2016-07-23 20:10:01.710] [TRACE] DESC - ...
[2016-07-23 20:10:03.249] [TRACE] DESC - ...
[2016-07-23 20:10:05.251] [TRACE] DESC - ...
[2016-07-23 20:10:07.254] [TRACE] DESC - ...
[2016-07-23 20:10:09.256] [TRACE] DESC - ...
[2016-07-23 20:10:11.258] [TRACE] DESC - ...
[2016-07-23 20:10:13.268] [TRACE] DESC - ...
[2016-07-23 20:10:15.262] [TRACE] DESC - ...
[2016-07-23 20:11:01.376] [TRACE] DESC_BULK - Opening Database Connection
